2020-03-04 14:29:55.150  INFO 32 --- [main] t.e.spring.AddEntrepriseAndDepartements  : Starting AddEntrepriseAndDepartements on DESKTOP-41UCFB9 with PID 32 (started by ASUS in C:\Users\ASUS\Desktop\Esprit\Spring\workspace\Timesheet-spring-boot-core-data-jpa-mvc-REST-1)
2020-03-04 14:29:55.228  INFO 32 --- [main] t.e.spring.AddEntrepriseAndDepartements  : No active profile set, falling back to default profiles: default
2020-03-04 14:30:00.138  INFO 32 --- [main] .s.d.r.c.RepositoryConfigurationDelegate : Bootstrapping Spring Data repositories in DEFAULT mode.
2020-03-04 14:30:00.829  INFO 32 --- [main] .s.d.r.c.RepositoryConfigurationDelegate : Finished Spring Data repository scanning in 631ms. Found 6 repository interfaces.
2020-03-04 14:30:02.892  INFO 32 --- [main] trationDelegate$BeanPostProcessorChecker : Bean 'org.springframework.transaction.annotation.ProxyTransactionManagementConfiguration' of type [org.springframework.transaction.annotation.ProxyTransactionManagementConfiguration$$EnhancerBySpringCGLIB$$d262ed6b] is not eligible for getting processed by all BeanPostProcessors (for example: not eligible for auto-proxying)
2020-03-04 14:30:04.488  INFO 32 --- [main] com.zaxxer.hikari.HikariDataSource       : HikariPool-1 - Starting...
2020-03-04 14:30:06.060  INFO 32 --- [main] com.zaxxer.hikari.HikariDataSource       : HikariPool-1 - Start completed.
2020-03-04 14:30:06.558  INFO 32 --- [main] o.hibernate.jpa.internal.util.LogHelper  : HHH000204: Processing PersistenceUnitInfo [
	name: default
	...]
2020-03-04 14:30:06.798  INFO 32 --- [main] org.hibernate.Version                    : HHH000412: Hibernate Core {5.3.9.Final}
2020-03-04 14:30:06.798  INFO 32 --- [main] org.hibernate.cfg.Environment            : HHH000206: hibernate.properties not found
2020-03-04 14:30:07.508  INFO 32 --- [main] o.hibernate.annotations.common.Version   : HCANN000001: Hibernate Commons Annotations {5.0.4.Final}
2020-03-04 14:30:11.597  INFO 32 --- [main] org.hibernate.dialect.Dialect            : HHH000400: Using dialect: org.hibernate.dialect.MySQL5Dialect
2020-03-04 14:30:16.678  INFO 32 --- [main] j.LocalContainerEntityManagerFactoryBean : Initialized JPA EntityManagerFactory for persistence unit 'default'
2020-03-04 14:30:18.129  INFO 32 --- [main] o.h.h.i.QueryTranslatorFactoryInitiator  : HHH000397: Using ASTQueryTranslatorFactory
2020-03-04 14:30:21.953  INFO 32 --- [main] o.s.s.concurrent.ThreadPoolTaskExecutor  : Initializing ExecutorService 'applicationTaskExecutor'
2020-03-04 14:30:22.207  WARN 32 --- [main] aWebConfiguration$JpaWebMvcConfiguration : spring.jpa.open-in-view is enabled by default. Therefore, database queries may be performed during view rendering. Explicitly configure spring.jpa.open-in-view to disable this warning
2020-03-04 14:30:23.808  INFO 32 --- [main] t.e.spring.AddEntrepriseAndDepartements  : Started AddEntrepriseAndDepartements in 32.64 seconds (JVM running for 42.825)
2020-03-04 14:30:25.328  INFO 32 --- [main] t.e.spring.AddEntrepriseAndDepartements  : RH
2020-03-04 14:30:25.328  INFO 32 --- [main] t.e.spring.AddEntrepriseAndDepartements  : Telecom
2020-03-04 14:30:25.328  INFO 32 --- [main] t.e.spring.AddEntrepriseAndDepartements  : RH
2020-03-04 14:30:25.328  INFO 32 --- [main] t.e.spring.AddEntrepriseAndDepartements  : Telecom
2020-03-04 14:30:25.428  INFO 32 --- [Thread-2] o.s.s.concurrent.ThreadPoolTaskExecutor  : Shutting down ExecutorService 'applicationTaskExecutor'
2020-03-04 14:30:25.438  INFO 32 --- [Thread-2] j.LocalContainerEntityManagerFactoryBean : Closing JPA EntityManagerFactory for persistence unit 'default'
2020-03-04 14:30:25.438  INFO 32 --- [Thread-2] com.zaxxer.hikari.HikariDataSource       : HikariPool-1 - Shutdown initiated...
2020-03-04 14:30:25.447  INFO 32 --- [Thread-2] com.zaxxer.hikari.HikariDataSource       : HikariPool-1 - Shutdown completed.
2020-03-04 14:30:43.704  INFO 712 --- [main] t.esprit.spring.ManageEmployeAndContrat  : Starting ManageEmployeAndContrat on DESKTOP-41UCFB9 with PID 712 (started by ASUS in C:\Users\ASUS\Desktop\Esprit\Spring\workspace\Timesheet-spring-boot-core-data-jpa-mvc-REST-1)
2020-03-04 14:30:43.708  INFO 712 --- [main] t.esprit.spring.ManageEmployeAndContrat  : No active profile set, falling back to default profiles: default
2020-03-04 14:30:45.648  INFO 712 --- [main] .s.d.r.c.RepositoryConfigurationDelegate : Bootstrapping Spring Data repositories in DEFAULT mode.
2020-03-04 14:30:45.888  INFO 712 --- [main] .s.d.r.c.RepositoryConfigurationDelegate : Finished Spring Data repository scanning in 220ms. Found 6 repository interfaces.
2020-03-04 14:30:46.927  INFO 712 --- [main] trationDelegate$BeanPostProcessorChecker : Bean 'org.springframework.transaction.annotation.ProxyTransactionManagementConfiguration' of type [org.springframework.transaction.annotation.ProxyTransactionManagementConfiguration$$EnhancerBySpringCGLIB$$e8ddf9eb] is not eligible for getting processed by all BeanPostProcessors (for example: not eligible for auto-proxying)
2020-03-04 14:30:47.450  INFO 712 --- [main] com.zaxxer.hikari.HikariDataSource       : HikariPool-1 - Starting...
2020-03-04 14:30:47.788  INFO 712 --- [main] com.zaxxer.hikari.HikariDataSource       : HikariPool-1 - Start completed.
2020-03-04 14:30:48.257  INFO 712 --- [main] o.hibernate.jpa.internal.util.LogHelper  : HHH000204: Processing PersistenceUnitInfo [
	name: default
	...]
2020-03-04 14:30:48.383  INFO 712 --- [main] org.hibernate.Version                    : HHH000412: Hibernate Core {5.3.9.Final}
2020-03-04 14:30:48.388  INFO 712 --- [main] org.hibernate.cfg.Environment            : HHH000206: hibernate.properties not found
2020-03-04 14:30:48.718  INFO 712 --- [main] o.hibernate.annotations.common.Version   : HCANN000001: Hibernate Commons Annotations {5.0.4.Final}
2020-03-04 14:30:49.622  INFO 712 --- [main] org.hibernate.dialect.Dialect            : HHH000400: Using dialect: org.hibernate.dialect.MySQL5Dialect
2020-03-04 14:30:52.877  INFO 712 --- [main] j.LocalContainerEntityManagerFactoryBean : Initialized JPA EntityManagerFactory for persistence unit 'default'
2020-03-04 14:30:53.911  INFO 712 --- [main] o.h.h.i.QueryTranslatorFactoryInitiator  : HHH000397: Using ASTQueryTranslatorFactory
2020-03-04 14:30:56.298  INFO 712 --- [main] o.s.s.concurrent.ThreadPoolTaskExecutor  : Initializing ExecutorService 'applicationTaskExecutor'
2020-03-04 14:30:56.453  WARN 712 --- [main] aWebConfiguration$JpaWebMvcConfiguration : spring.jpa.open-in-view is enabled by default. Therefore, database queries may be performed during view rendering. Explicitly configure spring.jpa.open-in-view to disable this warning
2020-03-04 14:30:57.767  INFO 712 --- [main] t.esprit.spring.ManageEmployeAndContrat  : Started ManageEmployeAndContrat in 14.77 seconds (JVM running for 17.476)
2020-03-04 14:30:58.994  INFO 712 --- [main] t.esprit.spring.ManageEmployeAndContrat  : aymen
2020-03-04 14:30:59.207  INFO 712 --- [main] t.esprit.spring.ManageEmployeAndContrat  : Le salaire de l'employe dont l'id est : 3 est : 2000.0
2020-03-04 14:30:59.248  INFO 712 --- [main] t.esprit.spring.ManageEmployeAndContrat  : *****zitouni
2020-03-04 14:30:59.248  INFO 712 --- [main] t.esprit.spring.ManageEmployeAndContrat  : *****arbi
2020-03-04 14:30:59.248  INFO 712 --- [main] t.esprit.spring.ManageEmployeAndContrat  : *****kallel
2020-03-04 14:30:59.248  INFO 712 --- [main] t.esprit.spring.ManageEmployeAndContrat  : *****bouzid
2020-03-04 14:30:59.277  INFO 712 --- [main] t.esprit.spring.ManageEmployeAndContrat  : Salaire Moyen By Departement1700.0
2020-03-04 14:30:59.327  INFO 712 --- [Thread-2] o.s.s.concurrent.ThreadPoolTaskExecutor  : Shutting down ExecutorService 'applicationTaskExecutor'
2020-03-04 14:30:59.333  INFO 712 --- [Thread-2] j.LocalContainerEntityManagerFactoryBean : Closing JPA EntityManagerFactory for persistence unit 'default'
2020-03-04 14:30:59.343  INFO 712 --- [Thread-2] com.zaxxer.hikari.HikariDataSource       : HikariPool-1 - Shutdown initiated...
2020-03-04 14:30:59.383  INFO 712 --- [Thread-2] com.zaxxer.hikari.HikariDataSource       : HikariPool-1 - Shutdown completed.
2020-03-04 14:31:24.218  INFO 11860 --- [main] tn.esprit.spring.ManageTimesheet         : Starting ManageTimesheet on DESKTOP-41UCFB9 with PID 11860 (started by ASUS in C:\Users\ASUS\Desktop\Esprit\Spring\workspace\Timesheet-spring-boot-core-data-jpa-mvc-REST-1)
2020-03-04 14:31:24.222  INFO 11860 --- [main] tn.esprit.spring.ManageTimesheet         : No active profile set, falling back to default profiles: default
2020-03-04 14:31:26.065  INFO 11860 --- [main] .s.d.r.c.RepositoryConfigurationDelegate : Bootstrapping Spring Data repositories in DEFAULT mode.
2020-03-04 14:31:26.299  INFO 11860 --- [main] .s.d.r.c.RepositoryConfigurationDelegate : Finished Spring Data repository scanning in 210ms. Found 6 repository interfaces.
2020-03-04 14:31:27.458  INFO 11860 --- [main] trationDelegate$BeanPostProcessorChecker : Bean 'org.springframework.transaction.annotation.ProxyTransactionManagementConfiguration' of type [org.springframework.transaction.annotation.ProxyTransactionManagementConfiguration$$EnhancerBySpringCGLIB$$d6fc088c] is not eligible for getting processed by all BeanPostProcessors (for example: not eligible for auto-proxying)
2020-03-04 14:31:28.206  INFO 11860 --- [main] com.zaxxer.hikari.HikariDataSource       : HikariPool-1 - Starting...
2020-03-04 14:31:28.523  INFO 11860 --- [main] com.zaxxer.hikari.HikariDataSource       : HikariPool-1 - Start completed.
2020-03-04 14:31:28.837  INFO 11860 --- [main] o.hibernate.jpa.internal.util.LogHelper  : HHH000204: Processing PersistenceUnitInfo [
	name: default
	...]
2020-03-04 14:31:28.967  INFO 11860 --- [main] org.hibernate.Version                    : HHH000412: Hibernate Core {5.3.9.Final}
2020-03-04 14:31:28.978  INFO 11860 --- [main] org.hibernate.cfg.Environment            : HHH000206: hibernate.properties not found
2020-03-04 14:31:29.337  INFO 11860 --- [main] o.hibernate.annotations.common.Version   : HCANN000001: Hibernate Commons Annotations {5.0.4.Final}
2020-03-04 14:31:30.228  INFO 11860 --- [main] org.hibernate.dialect.Dialect            : HHH000400: Using dialect: org.hibernate.dialect.MySQL5Dialect
2020-03-04 14:31:34.263  INFO 11860 --- [main] j.LocalContainerEntityManagerFactoryBean : Initialized JPA EntityManagerFactory for persistence unit 'default'
2020-03-04 14:31:35.158  INFO 11860 --- [main] o.h.h.i.QueryTranslatorFactoryInitiator  : HHH000397: Using ASTQueryTranslatorFactory
2020-03-04 14:31:37.945  INFO 11860 --- [main] o.s.s.concurrent.ThreadPoolTaskExecutor  : Initializing ExecutorService 'applicationTaskExecutor'
2020-03-04 14:31:38.207  WARN 11860 --- [main] aWebConfiguration$JpaWebMvcConfiguration : spring.jpa.open-in-view is enabled by default. Therefore, database queries may be performed during view rendering. Explicitly configure spring.jpa.open-in-view to disable this warning
2020-03-04 14:31:40.088  INFO 11860 --- [main] tn.esprit.spring.ManageTimesheet         : Started ManageTimesheet in 16.731 seconds (JVM running for 18.479)
2020-03-04 14:31:47.068  INFO 11860 --- [Thread-2] o.s.s.concurrent.ThreadPoolTaskExecutor  : Shutting down ExecutorService 'applicationTaskExecutor'
2020-03-04 14:31:47.077  INFO 11860 --- [Thread-2] j.LocalContainerEntityManagerFactoryBean : Closing JPA EntityManagerFactory for persistence unit 'default'
2020-03-04 14:31:47.091  INFO 11860 --- [Thread-2] com.zaxxer.hikari.HikariDataSource       : HikariPool-1 - Shutdown initiated...
2020-03-04 14:31:47.105  INFO 11860 --- [Thread-2] com.zaxxer.hikari.HikariDataSource       : HikariPool-1 - Shutdown completed.
2020-03-04 14:32:29.417  INFO 12136 --- [main] SpringBootCoreDataJpaMvcRest1Application : Starting TimesheetSpringBootCoreDataJpaMvcRest1Application on DESKTOP-41UCFB9 with PID 12136 (C:\Users\ASUS\Desktop\Esprit\Spring\workspace\Timesheet-spring-boot-core-data-jpa-mvc-REST-1\target\classes started by ASUS in C:\Users\ASUS\Desktop\Esprit\Spring\workspace\Timesheet-spring-boot-core-data-jpa-mvc-REST-1)
2020-03-04 14:32:29.429  INFO 12136 --- [main] SpringBootCoreDataJpaMvcRest1Application : No active profile set, falling back to default profiles: default
2020-03-04 14:32:34.481  INFO 12136 --- [main] .s.d.r.c.RepositoryConfigurationDelegate : Bootstrapping Spring Data repositories in DEFAULT mode.
2020-03-04 14:32:34.652  INFO 12136 --- [main] .s.d.r.c.RepositoryConfigurationDelegate : Finished Spring Data repository scanning in 159ms. Found 6 repository interfaces.
2020-03-04 14:32:35.178  INFO 12136 --- [main] trationDelegate$BeanPostProcessorChecker : Bean 'org.springframework.transaction.annotation.ProxyTransactionManagementConfiguration' of type [org.springframework.transaction.annotation.ProxyTransactionManagementConfiguration$$EnhancerBySpringCGLIB$$df719d8a] is not eligible for getting processed by all BeanPostProcessors (for example: not eligible for auto-proxying)
2020-03-04 14:32:36.027  INFO 12136 --- [main] o.s.b.w.embedded.tomcat.TomcatWebServer  : Tomcat initialized with port(s): 8081 (http)
2020-03-04 14:32:36.102  INFO 12136 --- [main] o.apache.catalina.core.StandardService   : Starting service [Tomcat]
2020-03-04 14:32:36.107  INFO 12136 --- [main] org.apache.catalina.core.StandardEngine  : Starting Servlet engine: [Apache Tomcat/9.0.17]
2020-03-04 14:32:36.645  INFO 12136 --- [main] o.a.c.c.C.[.[localhost].[/SpringMVC]     : Initializing Spring embedded WebApplicationContext
2020-03-04 14:32:36.646  INFO 12136 --- [main] o.s.web.context.ContextLoader            : Root WebApplicationContext: initialization completed in 5059 ms
2020-03-04 14:32:37.377  INFO 12136 --- [main] com.zaxxer.hikari.HikariDataSource       : HikariPool-1 - Starting...
2020-03-04 14:32:37.727  INFO 12136 --- [main] com.zaxxer.hikari.HikariDataSource       : HikariPool-1 - Start completed.
2020-03-04 14:32:37.922  INFO 12136 --- [main] o.hibernate.jpa.internal.util.LogHelper  : HHH000204: Processing PersistenceUnitInfo [
	name: default
	...]
2020-03-04 14:32:38.338  INFO 12136 --- [main] org.hibernate.Version                    : HHH000412: Hibernate Core {5.3.9.Final}
2020-03-04 14:32:38.338  INFO 12136 --- [main] org.hibernate.cfg.Environment            : HHH000206: hibernate.properties not found
2020-03-04 14:32:38.797  INFO 12136 --- [main] o.hibernate.annotations.common.Version   : HCANN000001: Hibernate Commons Annotations {5.0.4.Final}
2020-03-04 14:32:39.177  INFO 12136 --- [main] org.hibernate.dialect.Dialect            : HHH000400: Using dialect: org.hibernate.dialect.MySQL5Dialect
2020-03-04 14:32:42.207  INFO 12136 --- [main] j.LocalContainerEntityManagerFactoryBean : Initialized JPA EntityManagerFactory for persistence unit 'default'
2020-03-04 14:32:42.687  INFO 12136 --- [main] o.h.h.i.QueryTranslatorFactoryInitiator  : HHH000397: Using ASTQueryTranslatorFactory
2020-03-04 14:32:43.323  INFO 12136 --- [main] o.s.s.concurrent.ThreadPoolTaskExecutor  : Initializing ExecutorService 'applicationTaskExecutor'
2020-03-04 14:32:43.368  WARN 12136 --- [main] aWebConfiguration$JpaWebMvcConfiguration : spring.jpa.open-in-view is enabled by default. Therefore, database queries may be performed during view rendering. Explicitly configure spring.jpa.open-in-view to disable this warning
2020-03-04 14:32:43.747  INFO 12136 --- [main] o.s.b.w.embedded.tomcat.TomcatWebServer  : Tomcat started on port(s): 8081 (http) with context path '/SpringMVC'
2020-03-04 14:32:43.757  INFO 12136 --- [main] SpringBootCoreDataJpaMvcRest1Application : Started TimesheetSpringBootCoreDataJpaMvcRest1Application in 16.089 seconds (JVM running for 18.941)
2020-03-04 14:32:57.664  INFO 12136 --- [http-nio-8081-exec-2] o.a.c.c.C.[.[localhost].[/SpringMVC]     : Initializing Spring DispatcherServlet 'dispatcherServlet'
2020-03-04 14:32:57.666  INFO 12136 --- [http-nio-8081-exec-2] o.s.web.servlet.DispatcherServlet        : Initializing Servlet 'dispatcherServlet'
2020-03-04 14:32:57.757  INFO 12136 --- [http-nio-8081-exec-2] o.s.web.servlet.DispatcherServlet        : Completed initialization in 91 ms
2020-03-04 14:34:14.697  INFO 12136 --- [RMI TCP Connection(2)-127.0.0.1] inMXBeanRegistrar$SpringApplicationAdmin : Application shutdown requested.
2020-03-04 14:34:14.706  INFO 12136 --- [RMI TCP Connection(2)-127.0.0.1] o.s.s.concurrent.ThreadPoolTaskExecutor  : Shutting down ExecutorService 'applicationTaskExecutor'
2020-03-04 14:34:14.707  INFO 12136 --- [RMI TCP Connection(2)-127.0.0.1] j.LocalContainerEntityManagerFactoryBean : Closing JPA EntityManagerFactory for persistence unit 'default'
2020-03-04 14:34:14.777  INFO 12136 --- [RMI TCP Connection(2)-127.0.0.1] com.zaxxer.hikari.HikariDataSource       : HikariPool-1 - Shutdown initiated...
2020-03-04 14:34:14.797  INFO 12136 --- [RMI TCP Connection(2)-127.0.0.1] com.zaxxer.hikari.HikariDataSource       : HikariPool-1 - Shutdown completed.
2020-03-04 14:34:52.048  INFO 8684 --- [main] SpringBootCoreDataJpaMvcRest1Application : Starting TimesheetSpringBootCoreDataJpaMvcRest1Application on DESKTOP-41UCFB9 with PID 8684 (C:\Users\ASUS\Desktop\Esprit\Spring\workspace\Timesheet-spring-boot-core-data-jpa-mvc-REST-1\target\classes started by ASUS in C:\Users\ASUS\Desktop\Esprit\Spring\workspace\Timesheet-spring-boot-core-data-jpa-mvc-REST-1)
2020-03-04 14:34:52.052  INFO 8684 --- [main] SpringBootCoreDataJpaMvcRest1Application : No active profile set, falling back to default profiles: default
2020-03-04 14:34:53.407  INFO 8684 --- [main] .s.d.r.c.RepositoryConfigurationDelegate : Bootstrapping Spring Data repositories in DEFAULT mode.
2020-03-04 14:34:53.566  INFO 8684 --- [main] .s.d.r.c.RepositoryConfigurationDelegate : Finished Spring Data repository scanning in 148ms. Found 6 repository interfaces.
2020-03-04 14:34:54.134  INFO 8684 --- [main] trationDelegate$BeanPostProcessorChecker : Bean 'org.springframework.transaction.annotation.ProxyTransactionManagementConfiguration' of type [org.springframework.transaction.annotation.ProxyTransactionManagementConfiguration$$EnhancerBySpringCGLIB$$7dfe49c2] is not eligible for getting processed by all BeanPostProcessors (for example: not eligible for auto-proxying)
2020-03-04 14:34:54.937  INFO 8684 --- [main] o.s.b.w.embedded.tomcat.TomcatWebServer  : Tomcat initialized with port(s): 8081 (http)
2020-03-04 14:34:55.037  INFO 8684 --- [main] o.apache.catalina.core.StandardService   : Starting service [Tomcat]
2020-03-04 14:34:55.037  INFO 8684 --- [main] org.apache.catalina.core.StandardEngine  : Starting Servlet engine: [Apache Tomcat/9.0.17]
2020-03-04 14:34:55.437  INFO 8684 --- [main] o.a.c.c.C.[.[localhost].[/SpringMVC]     : Initializing Spring embedded WebApplicationContext
2020-03-04 14:34:55.437  INFO 8684 --- [main] o.s.web.context.ContextLoader            : Root WebApplicationContext: initialization completed in 3260 ms
2020-03-04 14:34:55.877  INFO 8684 --- [main] com.zaxxer.hikari.HikariDataSource       : HikariPool-1 - Starting...
2020-03-04 14:34:56.142  INFO 8684 --- [main] com.zaxxer.hikari.HikariDataSource       : HikariPool-1 - Start completed.
2020-03-04 14:34:56.427  INFO 8684 --- [main] o.hibernate.jpa.internal.util.LogHelper  : HHH000204: Processing PersistenceUnitInfo [
	name: default
	...]
2020-03-04 14:34:56.785  INFO 8684 --- [main] org.hibernate.Version                    : HHH000412: Hibernate Core {5.3.9.Final}
2020-03-04 14:34:56.787  INFO 8684 --- [main] org.hibernate.cfg.Environment            : HHH000206: hibernate.properties not found
2020-03-04 14:34:57.257  INFO 8684 --- [main] o.hibernate.annotations.common.Version   : HCANN000001: Hibernate Commons Annotations {5.0.4.Final}
2020-03-04 14:34:57.527  INFO 8684 --- [main] org.hibernate.dialect.Dialect            : HHH000400: Using dialect: org.hibernate.dialect.MySQL5Dialect
2020-03-04 14:35:00.437  INFO 8684 --- [main] j.LocalContainerEntityManagerFactoryBean : Initialized JPA EntityManagerFactory for persistence unit 'default'
2020-03-04 14:35:01.131  INFO 8684 --- [main] o.h.h.i.QueryTranslatorFactoryInitiator  : HHH000397: Using ASTQueryTranslatorFactory
2020-03-04 14:35:01.987  INFO 8684 --- [main] o.s.s.concurrent.ThreadPoolTaskExecutor  : Initializing ExecutorService 'applicationTaskExecutor'
2020-03-04 14:35:02.077  WARN 8684 --- [main] aWebConfiguration$JpaWebMvcConfiguration : spring.jpa.open-in-view is enabled by default. Therefore, database queries may be performed during view rendering. Explicitly configure spring.jpa.open-in-view to disable this warning
2020-03-04 14:35:02.487  INFO 8684 --- [main] o.s.b.w.embedded.tomcat.TomcatWebServer  : Tomcat started on port(s): 8081 (http) with context path '/SpringMVC'
2020-03-04 14:35:02.494  INFO 8684 --- [main] SpringBootCoreDataJpaMvcRest1Application : Started TimesheetSpringBootCoreDataJpaMvcRest1Application in 11.787 seconds (JVM running for 14.114)
2020-03-04 14:40:28.237  INFO 8684 --- [RMI TCP Connection(2)-127.0.0.1] inMXBeanRegistrar$SpringApplicationAdmin : Application shutdown requested.
2020-03-04 14:40:28.257  INFO 8684 --- [RMI TCP Connection(2)-127.0.0.1] o.s.s.concurrent.ThreadPoolTaskExecutor  : Shutting down ExecutorService 'applicationTaskExecutor'
2020-03-04 14:40:28.264  INFO 8684 --- [RMI TCP Connection(2)-127.0.0.1] j.LocalContainerEntityManagerFactoryBean : Closing JPA EntityManagerFactory for persistence unit 'default'
2020-03-04 14:40:28.299  INFO 8684 --- [RMI TCP Connection(2)-127.0.0.1] com.zaxxer.hikari.HikariDataSource       : HikariPool-1 - Shutdown initiated...
2020-03-04 14:40:28.359  INFO 8684 --- [RMI TCP Connection(2)-127.0.0.1] com.zaxxer.hikari.HikariDataSource       : HikariPool-1 - Shutdown completed.
2020-03-04 15:57:27.294  INFO 10984 --- [main] SpringBootCoreDataJpaMvcRest1Application : Starting TimesheetSpringBootCoreDataJpaMvcRest1Application on DESKTOP-41UCFB9 with PID 10984 (C:\Users\ASUS\Desktop\Esprit\Spring\workspace\Timesheet-spring-boot-core-data-jpa-mvc-REST-1\target\classes started by ASUS in C:\Users\ASUS\Desktop\Esprit\Spring\workspace\Timesheet-spring-boot-core-data-jpa-mvc-REST-1)
2020-03-04 15:57:27.345  INFO 10984 --- [main] SpringBootCoreDataJpaMvcRest1Application : No active profile set, falling back to default profiles: default
2020-03-04 15:57:30.482  INFO 10984 --- [main] .s.d.r.c.RepositoryConfigurationDelegate : Bootstrapping Spring Data repositories in DEFAULT mode.
2020-03-04 15:57:30.638  INFO 10984 --- [main] .s.d.r.c.RepositoryConfigurationDelegate : Finished Spring Data repository scanning in 144ms. Found 6 repository interfaces.
2020-03-04 15:57:31.400  INFO 10984 --- [main] trationDelegate$BeanPostProcessorChecker : Bean 'org.springframework.transaction.annotation.ProxyTransactionManagementConfiguration' of type [org.springframework.transaction.annotation.ProxyTransactionManagementConfiguration$$EnhancerBySpringCGLIB$$34533490] is not eligible for getting processed by all BeanPostProcessors (for example: not eligible for auto-proxying)
2020-03-04 15:57:35.448  INFO 10984 --- [main] o.s.b.w.embedded.tomcat.TomcatWebServer  : Tomcat initialized with port(s): 8081 (http)
2020-03-04 15:57:35.801  INFO 10984 --- [main] o.apache.catalina.core.StandardService   : Starting service [Tomcat]
2020-03-04 15:57:35.802  INFO 10984 --- [main] org.apache.catalina.core.StandardEngine  : Starting Servlet engine: [Apache Tomcat/9.0.17]
2020-03-04 15:57:36.333  INFO 10984 --- [main] o.a.c.c.C.[.[localhost].[/SpringMVC]     : Initializing Spring embedded WebApplicationContext
2020-03-04 15:57:36.334  INFO 10984 --- [main] o.s.web.context.ContextLoader            : Root WebApplicationContext: initialization completed in 8693 ms
2020-03-04 15:57:37.034  INFO 10984 --- [main] com.zaxxer.hikari.HikariDataSource       : HikariPool-1 - Starting...
2020-03-04 15:57:38.240  INFO 10984 --- [main] com.zaxxer.hikari.HikariDataSource       : HikariPool-1 - Start completed.
2020-03-04 15:57:39.038  INFO 10984 --- [main] o.hibernate.jpa.internal.util.LogHelper  : HHH000204: Processing PersistenceUnitInfo [
	name: default
	...]
2020-03-04 15:57:39.429  INFO 10984 --- [main] org.hibernate.Version                    : HHH000412: Hibernate Core {5.3.9.Final}
2020-03-04 15:57:39.432  INFO 10984 --- [main] org.hibernate.cfg.Environment            : HHH000206: hibernate.properties not found
2020-03-04 15:57:39.974  INFO 10984 --- [main] o.hibernate.annotations.common.Version   : HCANN000001: Hibernate Commons Annotations {5.0.4.Final}
2020-03-04 15:57:40.400  INFO 10984 --- [main] org.hibernate.dialect.Dialect            : HHH000400: Using dialect: org.hibernate.dialect.MySQL5Dialect
2020-03-04 15:57:45.173  INFO 10984 --- [main] j.LocalContainerEntityManagerFactoryBean : Initialized JPA EntityManagerFactory for persistence unit 'default'
2020-03-04 15:57:46.230  INFO 10984 --- [main] o.h.h.i.QueryTranslatorFactoryInitiator  : HHH000397: Using ASTQueryTranslatorFactory
2020-03-04 15:57:46.956  INFO 10984 --- [main] o.s.s.concurrent.ThreadPoolTaskExecutor  : Initializing ExecutorService 'applicationTaskExecutor'
2020-03-04 15:57:47.002  WARN 10984 --- [main] aWebConfiguration$JpaWebMvcConfiguration : spring.jpa.open-in-view is enabled by default. Therefore, database queries may be performed during view rendering. Explicitly configure spring.jpa.open-in-view to disable this warning
2020-03-04 15:57:47.424  INFO 10984 --- [main] o.s.b.w.embedded.tomcat.TomcatWebServer  : Tomcat started on port(s): 8081 (http) with context path '/SpringMVC'
2020-03-04 15:57:47.432  INFO 10984 --- [main] SpringBootCoreDataJpaMvcRest1Application : Started TimesheetSpringBootCoreDataJpaMvcRest1Application in 21.242 seconds (JVM running for 31.329)
2020-03-04 15:58:23.306  INFO 8236 --- [main] t.e.spring.AddEntrepriseAndDepartements  : Starting AddEntrepriseAndDepartements on DESKTOP-41UCFB9 with PID 8236 (started by ASUS in C:\Users\ASUS\Desktop\Esprit\Spring\workspace\Timesheet-spring-boot-core-data-jpa-mvc-REST-1)
2020-03-04 15:58:23.308  INFO 8236 --- [main] t.e.spring.AddEntrepriseAndDepartements  : No active profile set, falling back to default profiles: default
2020-03-04 15:58:27.373  INFO 8236 --- [main] .s.d.r.c.RepositoryConfigurationDelegate : Bootstrapping Spring Data repositories in DEFAULT mode.
2020-03-04 15:58:27.725  INFO 8236 --- [main] .s.d.r.c.RepositoryConfigurationDelegate : Finished Spring Data repository scanning in 337ms. Found 6 repository interfaces.
2020-03-04 15:58:33.462  INFO 8236 --- [main] trationDelegate$BeanPostProcessorChecker : Bean 'org.springframework.transaction.annotation.ProxyTransactionManagementConfiguration' of type [org.springframework.transaction.annotation.ProxyTransactionManagementConfiguration$$EnhancerBySpringCGLIB$$8b327c1] is not eligible for getting processed by all BeanPostProcessors (for example: not eligible for auto-proxying)
2020-03-04 15:58:34.729  INFO 8236 --- [main] com.zaxxer.hikari.HikariDataSource       : HikariPool-1 - Starting...
2020-03-04 15:58:35.612  INFO 8236 --- [main] com.zaxxer.hikari.HikariDataSource       : HikariPool-1 - Start completed.
2020-03-04 15:58:36.569  INFO 8236 --- [main] o.hibernate.jpa.internal.util.LogHelper  : HHH000204: Processing PersistenceUnitInfo [
	name: default
	...]
2020-03-04 15:58:37.105  INFO 8236 --- [main] org.hibernate.Version                    : HHH000412: Hibernate Core {5.3.9.Final}
2020-03-04 15:58:37.109  INFO 8236 --- [main] org.hibernate.cfg.Environment            : HHH000206: hibernate.properties not found
2020-03-04 15:58:38.410  INFO 8236 --- [main] o.hibernate.annotations.common.Version   : HCANN000001: Hibernate Commons Annotations {5.0.4.Final}
2020-03-04 15:58:40.342  INFO 8236 --- [main] org.hibernate.dialect.Dialect            : HHH000400: Using dialect: org.hibernate.dialect.MySQL5Dialect
2020-03-04 15:58:45.435  INFO 8236 --- [main] j.LocalContainerEntityManagerFactoryBean : Initialized JPA EntityManagerFactory for persistence unit 'default'
2020-03-04 15:58:46.357  INFO 8236 --- [main] o.h.h.i.QueryTranslatorFactoryInitiator  : HHH000397: Using ASTQueryTranslatorFactory
2020-03-04 15:58:50.807  INFO 8236 --- [main] o.s.s.concurrent.ThreadPoolTaskExecutor  : Initializing ExecutorService 'applicationTaskExecutor'
2020-03-04 15:58:50.997  WARN 8236 --- [main] aWebConfiguration$JpaWebMvcConfiguration : spring.jpa.open-in-view is enabled by default. Therefore, database queries may be performed during view rendering. Explicitly configure spring.jpa.open-in-view to disable this warning
2020-03-04 15:58:52.672  INFO 8236 --- [main] t.e.spring.AddEntrepriseAndDepartements  : Started AddEntrepriseAndDepartements in 31.385 seconds (JVM running for 41.83)
2020-03-04 15:58:54.498  INFO 8236 --- [main] t.e.spring.AddEntrepriseAndDepartements  : RH
2020-03-04 15:58:54.500  INFO 8236 --- [main] t.e.spring.AddEntrepriseAndDepartements  : Telecom
2020-03-04 15:58:54.508  INFO 8236 --- [main] t.e.spring.AddEntrepriseAndDepartements  : RH
2020-03-04 15:58:54.508  INFO 8236 --- [main] t.e.spring.AddEntrepriseAndDepartements  : Telecom
2020-03-04 15:58:54.665  INFO 8236 --- [Thread-2] o.s.s.concurrent.ThreadPoolTaskExecutor  : Shutting down ExecutorService 'applicationTaskExecutor'
2020-03-04 15:58:54.671  INFO 8236 --- [Thread-2] j.LocalContainerEntityManagerFactoryBean : Closing JPA EntityManagerFactory for persistence unit 'default'
2020-03-04 15:58:54.675  INFO 8236 --- [Thread-2] com.zaxxer.hikari.HikariDataSource       : HikariPool-1 - Shutdown initiated...
2020-03-04 15:58:54.687  INFO 8236 --- [Thread-2] com.zaxxer.hikari.HikariDataSource       : HikariPool-1 - Shutdown completed.
2020-03-04 15:59:26.230  INFO 7052 --- [main] t.esprit.spring.ManageEmployeAndContrat  : Starting ManageEmployeAndContrat on DESKTOP-41UCFB9 with PID 7052 (started by ASUS in C:\Users\ASUS\Desktop\Esprit\Spring\workspace\Timesheet-spring-boot-core-data-jpa-mvc-REST-1)
2020-03-04 15:59:26.232  INFO 7052 --- [main] t.esprit.spring.ManageEmployeAndContrat  : No active profile set, falling back to default profiles: default
2020-03-04 15:59:29.157  INFO 7052 --- [main] .s.d.r.c.RepositoryConfigurationDelegate : Bootstrapping Spring Data repositories in DEFAULT mode.
2020-03-04 15:59:29.453  INFO 7052 --- [main] .s.d.r.c.RepositoryConfigurationDelegate : Finished Spring Data repository scanning in 281ms. Found 6 repository interfaces.
2020-03-04 15:59:30.539  INFO 7052 --- [main] trationDelegate$BeanPostProcessorChecker : Bean 'org.springframework.transaction.annotation.ProxyTransactionManagementConfiguration' of type [org.springframework.transaction.annotation.ProxyTransactionManagementConfiguration$$EnhancerBySpringCGLIB$$e8ddf9eb] is not eligible for getting processed by all BeanPostProcessors (for example: not eligible for auto-proxying)
2020-03-04 15:59:31.094  INFO 7052 --- [main] com.zaxxer.hikari.HikariDataSource       : HikariPool-1 - Starting...
2020-03-04 15:59:31.439  INFO 7052 --- [main] com.zaxxer.hikari.HikariDataSource       : HikariPool-1 - Start completed.
2020-03-04 15:59:31.852  INFO 7052 --- [main] o.hibernate.jpa.internal.util.LogHelper  : HHH000204: Processing PersistenceUnitInfo [
	name: default
	...]
2020-03-04 15:59:31.989  INFO 7052 --- [main] org.hibernate.Version                    : HHH000412: Hibernate Core {5.3.9.Final}
2020-03-04 15:59:31.995  INFO 7052 --- [main] org.hibernate.cfg.Environment            : HHH000206: hibernate.properties not found
2020-03-04 15:59:32.336  INFO 7052 --- [main] o.hibernate.annotations.common.Version   : HCANN000001: Hibernate Commons Annotations {5.0.4.Final}
2020-03-04 15:59:33.334  INFO 7052 --- [main] org.hibernate.dialect.Dialect            : HHH000400: Using dialect: org.hibernate.dialect.MySQL5Dialect
2020-03-04 15:59:37.081  INFO 7052 --- [main] j.LocalContainerEntityManagerFactoryBean : Initialized JPA EntityManagerFactory for persistence unit 'default'
2020-03-04 15:59:37.860  INFO 7052 --- [main] o.h.h.i.QueryTranslatorFactoryInitiator  : HHH000397: Using ASTQueryTranslatorFactory
2020-03-04 15:59:40.380  INFO 7052 --- [main] o.s.s.concurrent.ThreadPoolTaskExecutor  : Initializing ExecutorService 'applicationTaskExecutor'
2020-03-04 15:59:40.593  WARN 7052 --- [main] aWebConfiguration$JpaWebMvcConfiguration : spring.jpa.open-in-view is enabled by default. Therefore, database queries may be performed during view rendering. Explicitly configure spring.jpa.open-in-view to disable this warning
2020-03-04 15:59:42.298  INFO 7052 --- [main] t.esprit.spring.ManageEmployeAndContrat  : Started ManageEmployeAndContrat in 20.016 seconds (JVM running for 30.447)
2020-03-04 15:59:43.917  INFO 7052 --- [main] t.esprit.spring.ManageEmployeAndContrat  : aymen
2020-03-04 15:59:44.657  INFO 7052 --- [main] t.esprit.spring.ManageEmployeAndContrat  : Le salaire de l'employe dont l'id est : 3 est : 2000.0
2020-03-04 15:59:44.713  INFO 7052 --- [main] t.esprit.spring.ManageEmployeAndContrat  : *****zitouni
2020-03-04 15:59:44.713  INFO 7052 --- [main] t.esprit.spring.ManageEmployeAndContrat  : *****arbi
2020-03-04 15:59:44.713  INFO 7052 --- [main] t.esprit.spring.ManageEmployeAndContrat  : *****kallel
2020-03-04 15:59:44.714  INFO 7052 --- [main] t.esprit.spring.ManageEmployeAndContrat  : *****bouzid
2020-03-04 15:59:44.771  INFO 7052 --- [main] t.esprit.spring.ManageEmployeAndContrat  : Salaire Moyen By Departement1700.0
2020-03-04 15:59:44.795  INFO 7052 --- [Thread-2] o.s.s.concurrent.ThreadPoolTaskExecutor  : Shutting down ExecutorService 'applicationTaskExecutor'
2020-03-04 15:59:44.802  INFO 7052 --- [Thread-2] j.LocalContainerEntityManagerFactoryBean : Closing JPA EntityManagerFactory for persistence unit 'default'
2020-03-04 15:59:44.806  INFO 7052 --- [Thread-2] com.zaxxer.hikari.HikariDataSource       : HikariPool-1 - Shutdown initiated...
2020-03-04 15:59:44.823  INFO 7052 --- [Thread-2] com.zaxxer.hikari.HikariDataSource       : HikariPool-1 - Shutdown completed.
2020-03-04 15:59:55.635  INFO 8028 --- [main] tn.esprit.spring.ManageTimesheet         : Starting ManageTimesheet on DESKTOP-41UCFB9 with PID 8028 (started by ASUS in C:\Users\ASUS\Desktop\Esprit\Spring\workspace\Timesheet-spring-boot-core-data-jpa-mvc-REST-1)
2020-03-04 15:59:55.640  INFO 8028 --- [main] tn.esprit.spring.ManageTimesheet         : No active profile set, falling back to default profiles: default
2020-03-04 15:59:58.871  INFO 8028 --- [main] .s.d.r.c.RepositoryConfigurationDelegate : Bootstrapping Spring Data repositories in DEFAULT mode.
2020-03-04 15:59:59.526  INFO 8028 --- [main] .s.d.r.c.RepositoryConfigurationDelegate : Finished Spring Data repository scanning in 618ms. Found 6 repository interfaces.
2020-03-04 16:00:00.873  INFO 8028 --- [main] trationDelegate$BeanPostProcessorChecker : Bean 'org.springframework.transaction.annotation.ProxyTransactionManagementConfiguration' of type [org.springframework.transaction.annotation.ProxyTransactionManagementConfiguration$$EnhancerBySpringCGLIB$$271b29a4] is not eligible for getting processed by all BeanPostProcessors (for example: not eligible for auto-proxying)
2020-03-04 16:00:04.536  INFO 8028 --- [main] com.zaxxer.hikari.HikariDataSource       : HikariPool-1 - Starting...
2020-03-04 16:00:06.061  INFO 8028 --- [main] com.zaxxer.hikari.HikariDataSource       : HikariPool-1 - Start completed.
2020-03-04 16:00:08.362  INFO 8028 --- [main] o.hibernate.jpa.internal.util.LogHelper  : HHH000204: Processing PersistenceUnitInfo [
	name: default
	...]
2020-03-04 16:00:11.072  INFO 8028 --- [main] org.hibernate.Version                    : HHH000412: Hibernate Core {5.3.9.Final}
2020-03-04 16:00:11.077  INFO 8028 --- [main] org.hibernate.cfg.Environment            : HHH000206: hibernate.properties not found
2020-03-04 16:00:13.560  INFO 8028 --- [main] o.hibernate.annotations.common.Version   : HCANN000001: Hibernate Commons Annotations {5.0.4.Final}
2020-03-04 16:00:16.521  INFO 8028 --- [main] org.hibernate.dialect.Dialect            : HHH000400: Using dialect: org.hibernate.dialect.MySQL5Dialect
2020-03-04 16:00:24.992  INFO 8028 --- [main] j.LocalContainerEntityManagerFactoryBean : Initialized JPA EntityManagerFactory for persistence unit 'default'
2020-03-04 16:00:26.763  INFO 8028 --- [main] o.h.h.i.QueryTranslatorFactoryInitiator  : HHH000397: Using ASTQueryTranslatorFactory
2020-03-04 16:00:32.000  INFO 8028 --- [main] o.s.s.concurrent.ThreadPoolTaskExecutor  : Initializing ExecutorService 'applicationTaskExecutor'
2020-03-04 16:00:32.554  WARN 8028 --- [main] aWebConfiguration$JpaWebMvcConfiguration : spring.jpa.open-in-view is enabled by default. Therefore, database queries may be performed during view rendering. Explicitly configure spring.jpa.open-in-view to disable this warning
2020-03-04 16:00:34.165  INFO 8028 --- [main] tn.esprit.spring.ManageTimesheet         : Started ManageTimesheet in 39.355 seconds (JVM running for 41.808)
2020-03-04 16:00:38.359  INFO 8028 --- [main] tn.esprit.spring.ManageTimesheet         : Mission de Aymen :
2020-03-04 16:00:38.361  INFO 8028 --- [main] tn.esprit.spring.ManageTimesheet         : Mise en place du 4G pour l’entreprise Orange
2020-03-04 16:00:38.390  INFO 8028 --- [main] tn.esprit.spring.ManageTimesheet         : Mission de Khaled :
2020-03-04 16:00:38.391  INFO 8028 --- [main] tn.esprit.spring.ManageTimesheet         : Dev d'un nouveau outil de vente
2020-03-04 16:00:38.391  INFO 8028 --- [main] tn.esprit.spring.ManageTimesheet         : Maintenance du SIRH interne
2020-03-04 16:00:38.404  INFO 8028 --- [main] tn.esprit.spring.ManageTimesheet         : Mission de Mohamed :
2020-03-04 16:00:38.404  INFO 8028 --- [main] tn.esprit.spring.ManageTimesheet         : Mise en place du 4G pour l’entreprise Orange
2020-03-04 16:00:38.404  INFO 8028 --- [main] tn.esprit.spring.ManageTimesheet         : Maintenance du SIRH interne
2020-03-04 16:00:38.698  INFO 8028 --- [Thread-2] o.s.s.concurrent.ThreadPoolTaskExecutor  : Shutting down ExecutorService 'applicationTaskExecutor'
2020-03-04 16:00:38.701  INFO 8028 --- [Thread-2] j.LocalContainerEntityManagerFactoryBean : Closing JPA EntityManagerFactory for persistence unit 'default'
2020-03-04 16:00:38.706  INFO 8028 --- [Thread-2] com.zaxxer.hikari.HikariDataSource       : HikariPool-1 - Shutdown initiated...
2020-03-04 16:00:38.729  INFO 8028 --- [Thread-2] com.zaxxer.hikari.HikariDataSource       : HikariPool-1 - Shutdown completed.
2020-03-04 18:56:59.179  INFO 4720 --- [main] t.e.spring.AddEntrepriseAndDepartements  : Starting AddEntrepriseAndDepartements on DESKTOP-41UCFB9 with PID 4720 (started by ASUS in C:\Users\ASUS\Desktop\Esprit\Spring\workspace\Timesheet-spring-boot-core-data-jpa-mvc-REST-1)
2020-03-04 18:56:59.218  INFO 4720 --- [main] t.e.spring.AddEntrepriseAndDepartements  : No active profile set, falling back to default profiles: default
2020-03-04 18:57:02.644  INFO 4720 --- [main] .s.d.r.c.RepositoryConfigurationDelegate : Bootstrapping Spring Data repositories in DEFAULT mode.
2020-03-04 18:57:02.972  INFO 4720 --- [main] .s.d.r.c.RepositoryConfigurationDelegate : Finished Spring Data repository scanning in 293ms. Found 6 repository interfaces.
2020-03-04 18:57:04.474  INFO 4720 --- [main] trationDelegate$BeanPostProcessorChecker : Bean 'org.springframework.transaction.annotation.ProxyTransactionManagementConfiguration' of type [org.springframework.transaction.annotation.ProxyTransactionManagementConfiguration$$EnhancerBySpringCGLIB$$54842cf] is not eligible for getting processed by all BeanPostProcessors (for example: not eligible for auto-proxying)
2020-03-04 18:57:05.581  INFO 4720 --- [main] com.zaxxer.hikari.HikariDataSource       : HikariPool-1 - Starting...
2020-03-04 18:57:07.260  INFO 4720 --- [main] com.zaxxer.hikari.HikariDataSource       : HikariPool-1 - Start completed.
2020-03-04 18:57:08.173  INFO 4720 --- [main] o.hibernate.jpa.internal.util.LogHelper  : HHH000204: Processing PersistenceUnitInfo [
	name: default
	...]
2020-03-04 18:57:09.342  INFO 4720 --- [main] org.hibernate.Version                    : HHH000412: Hibernate Core {5.3.9.Final}
2020-03-04 18:57:09.344  INFO 4720 --- [main] org.hibernate.cfg.Environment            : HHH000206: hibernate.properties not found
2020-03-04 18:57:12.611  INFO 4720 --- [main] o.hibernate.annotations.common.Version   : HCANN000001: Hibernate Commons Annotations {5.0.4.Final}
2020-03-04 18:57:17.195  INFO 4720 --- [main] org.hibernate.dialect.Dialect            : HHH000400: Using dialect: org.hibernate.dialect.MySQL5Dialect
2020-03-04 18:57:25.326  INFO 4720 --- [main] j.LocalContainerEntityManagerFactoryBean : Initialized JPA EntityManagerFactory for persistence unit 'default'
2020-03-04 18:57:26.996  INFO 4720 --- [main] o.h.h.i.QueryTranslatorFactoryInitiator  : HHH000397: Using ASTQueryTranslatorFactory
2020-03-04 18:57:31.233  INFO 4720 --- [main] o.s.s.concurrent.ThreadPoolTaskExecutor  : Initializing ExecutorService 'applicationTaskExecutor'
2020-03-04 18:57:31.638  WARN 4720 --- [main] aWebConfiguration$JpaWebMvcConfiguration : spring.jpa.open-in-view is enabled by default. Therefore, database queries may be performed during view rendering. Explicitly configure spring.jpa.open-in-view to disable this warning
2020-03-04 18:57:33.321  INFO 4720 --- [main] t.e.spring.AddEntrepriseAndDepartements  : Started AddEntrepriseAndDepartements in 36.824 seconds (JVM running for 45.875)
2020-03-04 18:57:34.751  INFO 4720 --- [main] t.e.spring.AddEntrepriseAndDepartements  : RH
2020-03-04 18:57:34.753  INFO 4720 --- [main] t.e.spring.AddEntrepriseAndDepartements  : Telecom
2020-03-04 18:57:34.765  INFO 4720 --- [main] t.e.spring.AddEntrepriseAndDepartements  : RH
2020-03-04 18:57:34.766  INFO 4720 --- [main] t.e.spring.AddEntrepriseAndDepartements  : Telecom
2020-03-04 18:57:34.960  INFO 4720 --- [Thread-2] o.s.s.concurrent.ThreadPoolTaskExecutor  : Shutting down ExecutorService 'applicationTaskExecutor'
2020-03-04 18:57:34.966  INFO 4720 --- [Thread-2] j.LocalContainerEntityManagerFactoryBean : Closing JPA EntityManagerFactory for persistence unit 'default'
2020-03-04 18:57:34.971  INFO 4720 --- [Thread-2] com.zaxxer.hikari.HikariDataSource       : HikariPool-1 - Shutdown initiated...
2020-03-04 18:57:35.009  INFO 4720 --- [Thread-2] com.zaxxer.hikari.HikariDataSource       : HikariPool-1 - Shutdown completed.
2020-03-04 18:57:49.121  INFO 7740 --- [main] t.esprit.spring.ManageEmployeAndContrat  : Starting ManageEmployeAndContrat on DESKTOP-41UCFB9 with PID 7740 (started by ASUS in C:\Users\ASUS\Desktop\Esprit\Spring\workspace\Timesheet-spring-boot-core-data-jpa-mvc-REST-1)
2020-03-04 18:57:49.125  INFO 7740 --- [main] t.esprit.spring.ManageEmployeAndContrat  : No active profile set, falling back to default profiles: default
2020-03-04 18:57:51.195  INFO 7740 --- [main] .s.d.r.c.RepositoryConfigurationDelegate : Bootstrapping Spring Data repositories in DEFAULT mode.
2020-03-04 18:57:51.423  INFO 7740 --- [main] .s.d.r.c.RepositoryConfigurationDelegate : Finished Spring Data repository scanning in 212ms. Found 6 repository interfaces.
2020-03-04 18:57:52.329  INFO 7740 --- [main] trationDelegate$BeanPostProcessorChecker : Bean 'org.springframework.transaction.annotation.ProxyTransactionManagementConfiguration' of type [org.springframework.transaction.annotation.ProxyTransactionManagementConfiguration$$EnhancerBySpringCGLIB$$271b29a4] is not eligible for getting processed by all BeanPostProcessors (for example: not eligible for auto-proxying)
2020-03-04 18:57:52.828  INFO 7740 --- [main] com.zaxxer.hikari.HikariDataSource       : HikariPool-1 - Starting...
2020-03-04 18:57:53.095  INFO 7740 --- [main] com.zaxxer.hikari.HikariDataSource       : HikariPool-1 - Start completed.
2020-03-04 18:57:53.356  INFO 7740 --- [main] o.hibernate.jpa.internal.util.LogHelper  : HHH000204: Processing PersistenceUnitInfo [
	name: default
	...]
2020-03-04 18:57:53.481  INFO 7740 --- [main] org.hibernate.Version                    : HHH000412: Hibernate Core {5.3.9.Final}
2020-03-04 18:57:53.485  INFO 7740 --- [main] org.hibernate.cfg.Environment            : HHH000206: hibernate.properties not found
2020-03-04 18:57:53.869  INFO 7740 --- [main] o.hibernate.annotations.common.Version   : HCANN000001: Hibernate Commons Annotations {5.0.4.Final}
2020-03-04 18:57:54.749  INFO 7740 --- [main] org.hibernate.dialect.Dialect            : HHH000400: Using dialect: org.hibernate.dialect.MySQL5Dialect
2020-03-04 18:57:57.276  INFO 7740 --- [main] j.LocalContainerEntityManagerFactoryBean : Initialized JPA EntityManagerFactory for persistence unit 'default'
2020-03-04 18:57:58.002  INFO 7740 --- [main] o.h.h.i.QueryTranslatorFactoryInitiator  : HHH000397: Using ASTQueryTranslatorFactory
2020-03-04 18:58:00.238  INFO 7740 --- [main] o.s.s.concurrent.ThreadPoolTaskExecutor  : Initializing ExecutorService 'applicationTaskExecutor'
2020-03-04 18:58:00.374  WARN 7740 --- [main] aWebConfiguration$JpaWebMvcConfiguration : spring.jpa.open-in-view is enabled by default. Therefore, database queries may be performed during view rendering. Explicitly configure spring.jpa.open-in-view to disable this warning
2020-03-04 18:58:01.608  INFO 7740 --- [main] t.esprit.spring.ManageEmployeAndContrat  : Started ManageEmployeAndContrat in 13.232 seconds (JVM running for 14.79)
2020-03-04 18:58:03.047  INFO 7740 --- [main] t.esprit.spring.ManageEmployeAndContrat  : aymen
2020-03-04 18:58:03.282  INFO 7740 --- [main] t.esprit.spring.ManageEmployeAndContrat  : Le salaire de l'employe dont l'id est : 3 est : 2000.0
2020-03-04 18:58:03.306  INFO 7740 --- [main] t.esprit.spring.ManageEmployeAndContrat  : *****zitouni
2020-03-04 18:58:03.307  INFO 7740 --- [main] t.esprit.spring.ManageEmployeAndContrat  : *****arbi
2020-03-04 18:58:03.307  INFO 7740 --- [main] t.esprit.spring.ManageEmployeAndContrat  : *****kallel
2020-03-04 18:58:03.307  INFO 7740 --- [main] t.esprit.spring.ManageEmployeAndContrat  : *****bouzid
2020-03-04 18:58:03.314  INFO 7740 --- [main] t.esprit.spring.ManageEmployeAndContrat  : Salaire Moyen By Departement1700.0
2020-03-04 18:58:03.432  INFO 7740 --- [Thread-2] o.s.s.concurrent.ThreadPoolTaskExecutor  : Shutting down ExecutorService 'applicationTaskExecutor'
2020-03-04 18:58:03.439  INFO 7740 --- [Thread-2] j.LocalContainerEntityManagerFactoryBean : Closing JPA EntityManagerFactory for persistence unit 'default'
2020-03-04 18:58:03.445  INFO 7740 --- [Thread-2] com.zaxxer.hikari.HikariDataSource       : HikariPool-1 - Shutdown initiated...
2020-03-04 18:58:03.479  INFO 7740 --- [Thread-2] com.zaxxer.hikari.HikariDataSource       : HikariPool-1 - Shutdown completed.
2020-03-04 18:58:17.123  INFO 7760 --- [main] tn.esprit.spring.ManageTimesheet         : Starting ManageTimesheet on DESKTOP-41UCFB9 with PID 7760 (started by ASUS in C:\Users\ASUS\Desktop\Esprit\Spring\workspace\Timesheet-spring-boot-core-data-jpa-mvc-REST-1)
2020-03-04 18:58:17.125  INFO 7760 --- [main] tn.esprit.spring.ManageTimesheet         : No active profile set, falling back to default profiles: default
2020-03-04 18:58:18.598  INFO 7760 --- [main] .s.d.r.c.RepositoryConfigurationDelegate : Bootstrapping Spring Data repositories in DEFAULT mode.
2020-03-04 18:58:18.837  INFO 7760 --- [main] .s.d.r.c.RepositoryConfigurationDelegate : Finished Spring Data repository scanning in 216ms. Found 6 repository interfaces.
2020-03-04 18:58:19.749  INFO 7760 --- [main] trationDelegate$BeanPostProcessorChecker : Bean 'org.springframework.transaction.annotation.ProxyTransactionManagementConfiguration' of type [org.springframework.transaction.annotation.ProxyTransactionManagementConfiguration$$EnhancerBySpringCGLIB$$75782c8e] is not eligible for getting processed by all BeanPostProcessors (for example: not eligible for auto-proxying)
2020-03-04 18:58:20.313  INFO 7760 --- [main] com.zaxxer.hikari.HikariDataSource       : HikariPool-1 - Starting...
2020-03-04 18:58:20.618  INFO 7760 --- [main] com.zaxxer.hikari.HikariDataSource       : HikariPool-1 - Start completed.
2020-03-04 18:58:20.961  INFO 7760 --- [main] o.hibernate.jpa.internal.util.LogHelper  : HHH000204: Processing PersistenceUnitInfo [
	name: default
	...]
2020-03-04 18:58:21.079  INFO 7760 --- [main] org.hibernate.Version                    : HHH000412: Hibernate Core {5.3.9.Final}
2020-03-04 18:58:21.084  INFO 7760 --- [main] org.hibernate.cfg.Environment            : HHH000206: hibernate.properties not found
2020-03-04 18:58:21.369  INFO 7760 --- [main] o.hibernate.annotations.common.Version   : HCANN000001: Hibernate Commons Annotations {5.0.4.Final}
2020-03-04 18:58:22.227  INFO 7760 --- [main] org.hibernate.dialect.Dialect            : HHH000400: Using dialect: org.hibernate.dialect.MySQL5Dialect
2020-03-04 18:58:24.601  INFO 7760 --- [main] j.LocalContainerEntityManagerFactoryBean : Initialized JPA EntityManagerFactory for persistence unit 'default'
2020-03-04 18:58:25.309  INFO 7760 --- [main] o.h.h.i.QueryTranslatorFactoryInitiator  : HHH000397: Using ASTQueryTranslatorFactory
2020-03-04 18:58:27.669  INFO 7760 --- [main] o.s.s.concurrent.ThreadPoolTaskExecutor  : Initializing ExecutorService 'applicationTaskExecutor'
2020-03-04 18:58:27.810  WARN 7760 --- [main] aWebConfiguration$JpaWebMvcConfiguration : spring.jpa.open-in-view is enabled by default. Therefore, database queries may be performed during view rendering. Explicitly configure spring.jpa.open-in-view to disable this warning
2020-03-04 18:58:29.059  INFO 7760 --- [main] tn.esprit.spring.ManageTimesheet         : Started ManageTimesheet in 12.673 seconds (JVM running for 14.355)
2020-03-04 18:58:30.540  INFO 7760 --- [main] tn.esprit.spring.ManageTimesheet         : Mission de Aymen :
2020-03-04 18:58:30.542  INFO 7760 --- [main] tn.esprit.spring.ManageTimesheet         : Mise en place du 4G pour l’entreprise Orange
2020-03-04 18:58:30.597  INFO 7760 --- [main] tn.esprit.spring.ManageTimesheet         : Mission de Khaled :
2020-03-04 18:58:30.598  INFO 7760 --- [main] tn.esprit.spring.ManageTimesheet         : Dev d'un nouveau outil de vente
2020-03-04 18:58:30.598  INFO 7760 --- [main] tn.esprit.spring.ManageTimesheet         : Maintenance du SIRH interne
2020-03-04 18:58:30.613  INFO 7760 --- [main] tn.esprit.spring.ManageTimesheet         : Mission de Mohamed :
2020-03-04 18:58:30.613  INFO 7760 --- [main] tn.esprit.spring.ManageTimesheet         : Mise en place du 4G pour l’entreprise Orange
2020-03-04 18:58:30.613  INFO 7760 --- [main] tn.esprit.spring.ManageTimesheet         : Maintenance du SIRH interne
2020-03-04 18:58:30.751  INFO 7760 --- [Thread-2] o.s.s.concurrent.ThreadPoolTaskExecutor  : Shutting down ExecutorService 'applicationTaskExecutor'
2020-03-04 18:58:30.758  INFO 7760 --- [Thread-2] j.LocalContainerEntityManagerFactoryBean : Closing JPA EntityManagerFactory for persistence unit 'default'
2020-03-04 18:58:30.764  INFO 7760 --- [Thread-2] com.zaxxer.hikari.HikariDataSource       : HikariPool-1 - Shutdown initiated...
2020-03-04 18:58:30.779  INFO 7760 --- [Thread-2] com.zaxxer.hikari.HikariDataSource       : HikariPool-1 - Shutdown completed.
2020-03-04 18:59:07.228  INFO 8940 --- [main] SpringBootCoreDataJpaMvcRest1Application : Starting TimesheetSpringBootCoreDataJpaMvcRest1Application on DESKTOP-41UCFB9 with PID 8940 (C:\Users\ASUS\Desktop\Esprit\Spring\workspace\Timesheet-spring-boot-core-data-jpa-mvc-REST-1\target\classes started by ASUS in C:\Users\ASUS\Desktop\Esprit\Spring\workspace\Timesheet-spring-boot-core-data-jpa-mvc-REST-1)
2020-03-04 18:59:07.233  INFO 8940 --- [main] SpringBootCoreDataJpaMvcRest1Application : No active profile set, falling back to default profiles: default
2020-03-04 18:59:08.268  INFO 8940 --- [main] .s.d.r.c.RepositoryConfigurationDelegate : Bootstrapping Spring Data repositories in DEFAULT mode.
2020-03-04 18:59:08.399  INFO 8940 --- [main] .s.d.r.c.RepositoryConfigurationDelegate : Finished Spring Data repository scanning in 121ms. Found 6 repository interfaces.
2020-03-04 18:59:08.835  INFO 8940 --- [main] trationDelegate$BeanPostProcessorChecker : Bean 'org.springframework.transaction.annotation.ProxyTransactionManagementConfiguration' of type [org.springframework.transaction.annotation.ProxyTransactionManagementConfiguration$$EnhancerBySpringCGLIB$$6adca380] is not eligible for getting processed by all BeanPostProcessors (for example: not eligible for auto-proxying)
2020-03-04 18:59:09.969  INFO 8940 --- [main] o.s.b.w.embedded.tomcat.TomcatWebServer  : Tomcat initialized with port(s): 8081 (http)
2020-03-04 18:59:10.100  INFO 8940 --- [main] o.apache.catalina.core.StandardService   : Starting service [Tomcat]
2020-03-04 18:59:10.101  INFO 8940 --- [main] org.apache.catalina.core.StandardEngine  : Starting Servlet engine: [Apache Tomcat/9.0.17]
2020-03-04 18:59:10.562  INFO 8940 --- [main] o.a.c.c.C.[.[localhost].[/SpringMVC]     : Initializing Spring embedded WebApplicationContext
2020-03-04 18:59:10.562  INFO 8940 --- [main] o.s.web.context.ContextLoader            : Root WebApplicationContext: initialization completed in 3270 ms
2020-03-04 18:59:10.947  INFO 8940 --- [main] com.zaxxer.hikari.HikariDataSource       : HikariPool-1 - Starting...
2020-03-04 18:59:11.191  INFO 8940 --- [main] com.zaxxer.hikari.HikariDataSource       : HikariPool-1 - Start completed.
2020-03-04 18:59:11.278  INFO 8940 --- [main] o.hibernate.jpa.internal.util.LogHelper  : HHH000204: Processing PersistenceUnitInfo [
	name: default
	...]
2020-03-04 18:59:11.604  INFO 8940 --- [main] org.hibernate.Version                    : HHH000412: Hibernate Core {5.3.9.Final}
2020-03-04 18:59:11.606  INFO 8940 --- [main] org.hibernate.cfg.Environment            : HHH000206: hibernate.properties not found
2020-03-04 18:59:11.787  INFO 8940 --- [main] o.hibernate.annotations.common.Version   : HCANN000001: Hibernate Commons Annotations {5.0.4.Final}
2020-03-04 18:59:11.964  INFO 8940 --- [main] org.hibernate.dialect.Dialect            : HHH000400: Using dialect: org.hibernate.dialect.MySQL5Dialect
2020-03-04 18:59:13.795  INFO 8940 --- [main] j.LocalContainerEntityManagerFactoryBean : Initialized JPA EntityManagerFactory for persistence unit 'default'
2020-03-04 18:59:14.351  INFO 8940 --- [main] o.h.h.i.QueryTranslatorFactoryInitiator  : HHH000397: Using ASTQueryTranslatorFactory
2020-03-04 18:59:14.935  INFO 8940 --- [main] o.s.s.concurrent.ThreadPoolTaskExecutor  : Initializing ExecutorService 'applicationTaskExecutor'
2020-03-04 18:59:14.980  WARN 8940 --- [main] aWebConfiguration$JpaWebMvcConfiguration : spring.jpa.open-in-view is enabled by default. Therefore, database queries may be performed during view rendering. Explicitly configure spring.jpa.open-in-view to disable this warning
2020-03-04 18:59:15.430  INFO 8940 --- [main] o.s.b.w.embedded.tomcat.TomcatWebServer  : Tomcat started on port(s): 8081 (http) with context path '/SpringMVC'
2020-03-04 18:59:15.434  INFO 8940 --- [main] SpringBootCoreDataJpaMvcRest1Application : Started TimesheetSpringBootCoreDataJpaMvcRest1Application in 8.812 seconds (JVM running for 10.79)
2020-03-04 19:01:43.460  INFO 8940 --- [http-nio-8081-exec-1] o.a.c.c.C.[.[localhost].[/SpringMVC]     : Initializing Spring DispatcherServlet 'dispatcherServlet'
2020-03-04 19:01:43.461  INFO 8940 --- [http-nio-8081-exec-1] o.s.web.servlet.DispatcherServlet        : Initializing Servlet 'dispatcherServlet'
2020-03-04 19:01:43.564  INFO 8940 --- [http-nio-8081-exec-1] o.s.web.servlet.DispatcherServlet        : Completed initialization in 103 ms
2020-03-04 19:05:25.116  INFO 8940 --- [RMI TCP Connection(2)-127.0.0.1] inMXBeanRegistrar$SpringApplicationAdmin : Application shutdown requested.
2020-03-04 19:05:25.121  INFO 8940 --- [RMI TCP Connection(2)-127.0.0.1] o.s.s.concurrent.ThreadPoolTaskExecutor  : Shutting down ExecutorService 'applicationTaskExecutor'
2020-03-04 19:05:25.123  INFO 8940 --- [RMI TCP Connection(2)-127.0.0.1] j.LocalContainerEntityManagerFactoryBean : Closing JPA EntityManagerFactory for persistence unit 'default'
2020-03-04 19:05:25.187  INFO 8940 --- [RMI TCP Connection(2)-127.0.0.1] com.zaxxer.hikari.HikariDataSource       : HikariPool-1 - Shutdown initiated...
2020-03-04 19:05:25.225  INFO 8940 --- [RMI TCP Connection(2)-127.0.0.1] com.zaxxer.hikari.HikariDataSource       : HikariPool-1 - Shutdown completed.
2021-10-28 12:11:45.036  INFO 11716 --- [main] tn.esprit.spring.TestMission             : Starting TestMission on DESKTOP-GIQO5MJ with PID 11716 (started by saifn in C:\Users\saifn\OneDrive\Desktop\TimeSheetProject\TimesheetProject)
2021-10-28 12:11:45.048  INFO 11716 --- [main] tn.esprit.spring.TestMission             : No active profile set, falling back to default profiles: default
2021-10-28 12:11:48.025  INFO 11716 --- [main] .s.d.r.c.RepositoryConfigurationDelegate : Bootstrapping Spring Data repositories in DEFAULT mode.
2021-10-28 12:11:48.577  INFO 11716 --- [main] .s.d.r.c.RepositoryConfigurationDelegate : Finished Spring Data repository scanning in 522ms. Found 6 repository interfaces.
2021-10-28 12:11:50.030  INFO 11716 --- [main] trationDelegate$BeanPostProcessorChecker : Bean 'org.springframework.transaction.annotation.ProxyTransactionManagementConfiguration' of type [org.springframework.transaction.annotation.ProxyTransactionManagementConfiguration$$EnhancerBySpringCGLIB$$64b1e1f5] is not eligible for getting processed by all BeanPostProcessors (for example: not eligible for auto-proxying)
2021-10-28 12:11:50.943  INFO 11716 --- [main] com.zaxxer.hikari.HikariDataSource       : HikariPool-1 - Starting...
2021-10-28 12:11:51.644  INFO 11716 --- [main] com.zaxxer.hikari.HikariDataSource       : HikariPool-1 - Start completed.
2021-10-28 12:11:51.870  INFO 11716 --- [main] o.hibernate.jpa.internal.util.LogHelper  : HHH000204: Processing PersistenceUnitInfo [
	name: default
	...]
2021-10-28 12:11:52.176  INFO 11716 --- [main] org.hibernate.Version                    : HHH000412: Hibernate Core {5.3.9.Final}
2021-10-28 12:11:52.182  INFO 11716 --- [main] org.hibernate.cfg.Environment            : HHH000206: hibernate.properties not found
2021-10-28 12:11:52.678  INFO 11716 --- [main] o.hibernate.annotations.common.Version   : HCANN000001: Hibernate Commons Annotations {5.0.4.Final}
2021-10-28 12:11:53.659  INFO 11716 --- [main] org.hibernate.dialect.Dialect            : HHH000400: Using dialect: org.hibernate.dialect.MySQL5Dialect
2021-10-28 12:11:56.592  INFO 11716 --- [main] j.LocalContainerEntityManagerFactoryBean : Initialized JPA EntityManagerFactory for persistence unit 'default'
2021-10-28 12:11:57.589  INFO 11716 --- [main] o.h.h.i.QueryTranslatorFactoryInitiator  : HHH000397: Using ASTQueryTranslatorFactory
2021-10-28 12:12:00.980  INFO 11716 --- [main] o.s.s.concurrent.ThreadPoolTaskExecutor  : Initializing ExecutorService 'applicationTaskExecutor'
2021-10-28 12:12:01.141  WARN 11716 --- [main] aWebConfiguration$JpaWebMvcConfiguration : spring.jpa.open-in-view is enabled by default. Therefore, database queries may be performed during view rendering. Explicitly configure spring.jpa.open-in-view to disable this warning
2021-10-28 12:12:02.430  INFO 11716 --- [main] tn.esprit.spring.TestMission             : Started TestMission in 18.562 seconds (JVM running for 22.387)
2021-10-28 12:12:03.742  INFO 11716 --- [main] .b.t.c.SpringBootTestContextBootstrapper : Neither @ContextConfiguration nor @ContextHierarchy found for test class [tn.esprit.spring.TimesheetSpringBootCoreDataJpaMvcRest1ApplicationTest], using SpringBootContextLoader
2021-10-28 12:12:03.745  INFO 11716 --- [main] o.s.t.c.support.AbstractContextLoader    : Could not detect default resource locations for test class [tn.esprit.spring.TimesheetSpringBootCoreDataJpaMvcRest1ApplicationTest]: no resource found for suffixes {-context.xml, Context.groovy}.
2021-10-28 12:12:03.756  INFO 11716 --- [main] t.c.s.AnnotationConfigContextLoaderUtils : Could not detect default configuration classes for test class [tn.esprit.spring.TimesheetSpringBootCoreDataJpaMvcRest1ApplicationTest]: TimesheetSpringBootCoreDataJpaMvcRest1ApplicationTest does not declare any static, non-private, non-final, nested classes annotated with @Configuration.
2021-10-28 12:12:03.760  INFO 11716 --- [main] .b.t.c.SpringBootTestContextBootstrapper : Found @SpringBootConfiguration tn.esprit.spring.TimesheetSpringBootCoreDataJpaMvcRest1Application for test class tn.esprit.spring.TimesheetSpringBootCoreDataJpaMvcRest1ApplicationTest
2021-10-28 12:12:03.765  INFO 11716 --- [main] .b.t.c.SpringBootTestContextBootstrapper : Loaded default TestExecutionListener class names from location [META-INF/spring.factories]: [org.springframework.boot.test.mock.mockito.MockitoTestExecutionListener, org.springframework.boot.test.mock.mockito.ResetMocksTestExecutionListener, org.springframework.boot.test.autoconfigure.restdocs.RestDocsTestExecutionListener, org.springframework.boot.test.autoconfigure.web.client.MockRestServiceServerResetTestExecutionListener, org.springframework.boot.test.autoconfigure.web.servlet.MockMvcPrintOnlyOnFailureTestExecutionListener, org.springframework.boot.test.autoconfigure.web.servlet.WebDriverTestExecutionListener, org.springframework.test.context.web.ServletTestExecutionListener, org.springframework.test.context.support.DirtiesContextBeforeModesTestExecutionListener, org.springframework.test.context.support.DependencyInjectionTestExecutionListener, org.springframework.test.context.support.DirtiesContextTestExecutionListener, org.springframework.test.context.transaction.TransactionalTestExecutionListener, org.springframework.test.context.jdbc.SqlScriptsTestExecutionListener]
2021-10-28 12:12:03.766  INFO 11716 --- [main] .b.t.c.SpringBootTestContextBootstrapper : Using TestExecutionListeners: [org.springframework.test.context.web.ServletTestExecutionListener@2676d96a, org.springframework.test.context.support.DirtiesContextBeforeModesTestExecutionListener@12266084, org.springframework.boot.test.mock.mockito.MockitoTestExecutionListener@6da646b8, org.springframework.boot.test.autoconfigure.SpringBootDependencyInjectionTestExecutionListener@2a65e237, org.springframework.test.context.support.DirtiesContextTestExecutionListener@3a48c398, org.springframework.test.context.transaction.TransactionalTestExecutionListener@1b4ba615, org.springframework.test.context.jdbc.SqlScriptsTestExecutionListener@4407b042, org.springframework.boot.test.mock.mockito.ResetMocksTestExecutionListener@41f686af, org.springframework.boot.test.autoconfigure.restdocs.RestDocsTestExecutionListener@3dded90a, org.springframework.boot.test.autoconfigure.web.client.MockRestServiceServerResetTestExecutionListener@7be3abaa, org.springframework.boot.test.autoconfigure.web.servlet.MockMvcPrintOnlyOnFailureTestExecutionListener@29f8134, org.springframework.boot.test.autoconfigure.web.servlet.WebDriverTestExecutionListener@77a9ac36]
2021-10-28 12:12:04.542  INFO 11716 --- [main] t.e.spring.services.ContratServiceImpl   : Le contrat est: tn.esprit.spring.entities.Contrat@30e2016a
2021-10-28 12:12:04.544  INFO 11716 --- [main] t.e.spring.services.ContratServiceImpl   : Le contrat est: tn.esprit.spring.entities.Contrat@1a66be41
2021-10-28 12:12:04.545  INFO 11716 --- [main] t.e.spring.services.ContratServiceImpl   : Le contrat est: tn.esprit.spring.entities.Contrat@7f70e244
2021-10-28 12:12:04.546  INFO 11716 --- [main] t.e.spring.services.ContratServiceImpl   : Le contrat est: tn.esprit.spring.entities.Contrat@fd14789
2021-10-28 12:12:04.546  INFO 11716 --- [main] t.e.spring.services.ContratServiceImpl   : La taille de contrats  ,4
2021-10-28 12:12:05.519  INFO 11716 --- [main] t.e.spring.services.ContratServiceImpl   : le salaire d'ingenieur est:2700.0
2021-10-28 12:12:05.528  INFO 11716 --- [main] .b.t.c.SpringBootTestContextBootstrapper : Neither @ContextConfiguration nor @ContextHierarchy found for test class [tn.esprit.spring.TimesheetSpringBootCoreDataJpaMvcRest1ApplicationTests], using SpringBootContextLoader
2021-10-28 12:12:05.530  INFO 11716 --- [main] o.s.t.c.support.AbstractContextLoader    : Could not detect default resource locations for test class [tn.esprit.spring.TimesheetSpringBootCoreDataJpaMvcRest1ApplicationTests]: no resource found for suffixes {-context.xml, Context.groovy}.
2021-10-28 12:12:05.531  INFO 11716 --- [main] t.c.s.AnnotationConfigContextLoaderUtils : Could not detect default configuration classes for test class [tn.esprit.spring.TimesheetSpringBootCoreDataJpaMvcRest1ApplicationTests]: TimesheetSpringBootCoreDataJpaMvcRest1ApplicationTests does not declare any static, non-private, non-final, nested classes annotated with @Configuration.
2021-10-28 12:12:05.535  INFO 11716 --- [main] .b.t.c.SpringBootTestContextBootstrapper : Found @SpringBootConfiguration tn.esprit.spring.TimesheetSpringBootCoreDataJpaMvcRest1Application for test class tn.esprit.spring.TimesheetSpringBootCoreDataJpaMvcRest1ApplicationTests
2021-10-28 12:12:05.540  INFO 11716 --- [main] .b.t.c.SpringBootTestContextBootstrapper : Loaded default TestExecutionListener class names from location [META-INF/spring.factories]: [org.springframework.boot.test.mock.mockito.MockitoTestExecutionListener, org.springframework.boot.test.mock.mockito.ResetMocksTestExecutionListener, org.springframework.boot.test.autoconfigure.restdocs.RestDocsTestExecutionListener, org.springframework.boot.test.autoconfigure.web.client.MockRestServiceServerResetTestExecutionListener, org.springframework.boot.test.autoconfigure.web.servlet.MockMvcPrintOnlyOnFailureTestExecutionListener, org.springframework.boot.test.autoconfigure.web.servlet.WebDriverTestExecutionListener, org.springframework.test.context.web.ServletTestExecutionListener, org.springframework.test.context.support.DirtiesContextBeforeModesTestExecutionListener, org.springframework.test.context.support.DependencyInjectionTestExecutionListener, org.springframework.test.context.support.DirtiesContextTestExecutionListener, org.springframework.test.context.transaction.TransactionalTestExecutionListener, org.springframework.test.context.jdbc.SqlScriptsTestExecutionListener]
2021-10-28 12:12:05.541  INFO 11716 --- [main] .b.t.c.SpringBootTestContextBootstrapper : Using TestExecutionListeners: [org.springframework.test.context.web.ServletTestExecutionListener@6eb5b9e7, org.springframework.test.context.support.DirtiesContextBeforeModesTestExecutionListener@77e730bd, org.springframework.boot.test.mock.mockito.MockitoTestExecutionListener@2d3c501b, org.springframework.boot.test.autoconfigure.SpringBootDependencyInjectionTestExecutionListener@7b8cb283, org.springframework.test.context.support.DirtiesContextTestExecutionListener@38b54694, org.springframework.test.context.transaction.TransactionalTestExecutionListener@7619fbe7, org.springframework.test.context.jdbc.SqlScriptsTestExecutionListener@39ead1b7, org.springframework.boot.test.mock.mockito.ResetMocksTestExecutionListener@27ec74a3, org.springframework.boot.test.autoconfigure.restdocs.RestDocsTestExecutionListener@35ff072c, org.springframework.boot.test.autoconfigure.web.client.MockRestServiceServerResetTestExecutionListener@c0004b7, org.springframework.boot.test.autoconfigure.web.servlet.MockMvcPrintOnlyOnFailureTestExecutionListener@63880be9, org.springframework.boot.test.autoconfigure.web.servlet.WebDriverTestExecutionListener@27053257]
2021-10-28 12:12:05.672  INFO 11716 --- [main] t.e.spring.services.EmployeServiceImpl   : Employee deleted 
2021-10-28 12:12:05.812  INFO 11716 --- [main] t.e.spring.services.EmployeServiceImpl   : Employefoulenaffected to DepartementD1
2021-10-28 12:12:05.850  INFO 11716 --- [main] t.e.spring.services.EmployeServiceImpl   : Employee updated successfullyram@gmail.com
2021-10-28 12:12:06.015  INFO 11716 --- [main] t.e.spring.services.EmployeServiceImpl   : Employees List  >0 ,19
2021-10-28 12:12:06.061  INFO 11716 --- [main] t.e.spring.services.EmployeServiceImpl   : Employee added with success :  empId = 29 new empId = 29
2021-10-28 12:12:06.246  INFO 11716 --- [main] t.e.spring.services.EmployeServiceImpl   : Employe number != 0
2021-10-28 12:12:06.401  INFO 11716 --- [Thread-2] o.s.s.concurrent.ThreadPoolTaskExecutor  : Shutting down ExecutorService 'applicationTaskExecutor'
2021-10-28 12:12:06.410  INFO 11716 --- [Thread-2] j.LocalContainerEntityManagerFactoryBean : Closing JPA EntityManagerFactory for persistence unit 'default'
2021-10-28 12:12:06.415  INFO 11716 --- [Thread-2] com.zaxxer.hikari.HikariDataSource       : HikariPool-1 - Shutdown initiated...
2021-10-28 12:12:06.491  INFO 11716 --- [Thread-2] com.zaxxer.hikari.HikariDataSource       : HikariPool-1 - Shutdown completed.
2021-10-28 12:14:37.670  INFO 1324 --- [main] tn.esprit.spring.TestMission             : Starting TestMission on DESKTOP-GIQO5MJ with PID 1324 (started by saifn in C:\Users\saifn\OneDrive\Desktop\TimeSheetProject\TimesheetProject)
2021-10-28 12:14:37.676  INFO 1324 --- [main] tn.esprit.spring.TestMission             : No active profile set, falling back to default profiles: default
2021-10-28 12:14:40.097  INFO 1324 --- [main] .s.d.r.c.RepositoryConfigurationDelegate : Bootstrapping Spring Data repositories in DEFAULT mode.
2021-10-28 12:14:40.379  INFO 1324 --- [main] .s.d.r.c.RepositoryConfigurationDelegate : Finished Spring Data repository scanning in 261ms. Found 6 repository interfaces.
2021-10-28 12:14:42.052  INFO 1324 --- [main] trationDelegate$BeanPostProcessorChecker : Bean 'org.springframework.transaction.annotation.ProxyTransactionManagementConfiguration' of type [org.springframework.transaction.annotation.ProxyTransactionManagementConfiguration$$EnhancerBySpringCGLIB$$d212c5f5] is not eligible for getting processed by all BeanPostProcessors (for example: not eligible for auto-proxying)
2021-10-28 12:14:42.925  INFO 1324 --- [main] com.zaxxer.hikari.HikariDataSource       : HikariPool-1 - Starting...
2021-10-28 12:14:43.602  INFO 1324 --- [main] com.zaxxer.hikari.HikariDataSource       : HikariPool-1 - Start completed.
2021-10-28 12:14:43.865  INFO 1324 --- [main] o.hibernate.jpa.internal.util.LogHelper  : HHH000204: Processing PersistenceUnitInfo [
	name: default
	...]
2021-10-28 12:14:44.121  INFO 1324 --- [main] org.hibernate.Version                    : HHH000412: Hibernate Core {5.3.9.Final}
2021-10-28 12:14:44.128  INFO 1324 --- [main] org.hibernate.cfg.Environment            : HHH000206: hibernate.properties not found
2021-10-28 12:14:44.685  INFO 1324 --- [main] o.hibernate.annotations.common.Version   : HCANN000001: Hibernate Commons Annotations {5.0.4.Final}
2021-10-28 12:14:45.821  INFO 1324 --- [main] org.hibernate.dialect.Dialect            : HHH000400: Using dialect: org.hibernate.dialect.MySQL5Dialect
2021-10-28 12:14:48.762  INFO 1324 --- [main] j.LocalContainerEntityManagerFactoryBean : Initialized JPA EntityManagerFactory for persistence unit 'default'
2021-10-28 12:14:49.834  INFO 1324 --- [main] o.h.h.i.QueryTranslatorFactoryInitiator  : HHH000397: Using ASTQueryTranslatorFactory
2021-10-28 12:14:53.769  INFO 1324 --- [main] o.s.s.concurrent.ThreadPoolTaskExecutor  : Initializing ExecutorService 'applicationTaskExecutor'
2021-10-28 12:14:54.356  WARN 1324 --- [main] aWebConfiguration$JpaWebMvcConfiguration : spring.jpa.open-in-view is enabled by default. Therefore, database queries may be performed during view rendering. Explicitly configure spring.jpa.open-in-view to disable this warning
2021-10-28 12:14:55.547  INFO 1324 --- [main] tn.esprit.spring.TestMission             : Started TestMission in 18.747 seconds (JVM running for 20.966)
2021-10-28 12:14:57.030  INFO 1324 --- [main] .b.t.c.SpringBootTestContextBootstrapper : Neither @ContextConfiguration nor @ContextHierarchy found for test class [tn.esprit.spring.TimesheetSpringBootCoreDataJpaMvcRest1ApplicationTest], using SpringBootContextLoader
2021-10-28 12:14:57.133  INFO 1324 --- [main] o.s.t.c.support.AbstractContextLoader    : Could not detect default resource locations for test class [tn.esprit.spring.TimesheetSpringBootCoreDataJpaMvcRest1ApplicationTest]: no resource found for suffixes {-context.xml, Context.groovy}.
2021-10-28 12:14:57.134  INFO 1324 --- [main] t.c.s.AnnotationConfigContextLoaderUtils : Could not detect default configuration classes for test class [tn.esprit.spring.TimesheetSpringBootCoreDataJpaMvcRest1ApplicationTest]: TimesheetSpringBootCoreDataJpaMvcRest1ApplicationTest does not declare any static, non-private, non-final, nested classes annotated with @Configuration.
2021-10-28 12:14:57.139  INFO 1324 --- [main] .b.t.c.SpringBootTestContextBootstrapper : Found @SpringBootConfiguration tn.esprit.spring.TimesheetSpringBootCoreDataJpaMvcRest1Application for test class tn.esprit.spring.TimesheetSpringBootCoreDataJpaMvcRest1ApplicationTest
2021-10-28 12:14:57.143  INFO 1324 --- [main] .b.t.c.SpringBootTestContextBootstrapper : Loaded default TestExecutionListener class names from location [META-INF/spring.factories]: [org.springframework.boot.test.mock.mockito.MockitoTestExecutionListener, org.springframework.boot.test.mock.mockito.ResetMocksTestExecutionListener, org.springframework.boot.test.autoconfigure.restdocs.RestDocsTestExecutionListener, org.springframework.boot.test.autoconfigure.web.client.MockRestServiceServerResetTestExecutionListener, org.springframework.boot.test.autoconfigure.web.servlet.MockMvcPrintOnlyOnFailureTestExecutionListener, org.springframework.boot.test.autoconfigure.web.servlet.WebDriverTestExecutionListener, org.springframework.test.context.web.ServletTestExecutionListener, org.springframework.test.context.support.DirtiesContextBeforeModesTestExecutionListener, org.springframework.test.context.support.DependencyInjectionTestExecutionListener, org.springframework.test.context.support.DirtiesContextTestExecutionListener, org.springframework.test.context.transaction.TransactionalTestExecutionListener, org.springframework.test.context.jdbc.SqlScriptsTestExecutionListener]
2021-10-28 12:14:57.145  INFO 1324 --- [main] .b.t.c.SpringBootTestContextBootstrapper : Using TestExecutionListeners: [org.springframework.test.context.web.ServletTestExecutionListener@1eb6037d, org.springframework.test.context.support.DirtiesContextBeforeModesTestExecutionListener@335b3d6, org.springframework.boot.test.mock.mockito.MockitoTestExecutionListener@3a5ce4b8, org.springframework.boot.test.autoconfigure.SpringBootDependencyInjectionTestExecutionListener@38848217, org.springframework.test.context.support.DirtiesContextTestExecutionListener@1607d391, org.springframework.test.context.transaction.TransactionalTestExecutionListener@38826984, org.springframework.test.context.jdbc.SqlScriptsTestExecutionListener@65262308, org.springframework.boot.test.mock.mockito.ResetMocksTestExecutionListener@792e8181, org.springframework.boot.test.autoconfigure.restdocs.RestDocsTestExecutionListener@511d5e6e, org.springframework.boot.test.autoconfigure.web.client.MockRestServiceServerResetTestExecutionListener@7a78d380, org.springframework.boot.test.autoconfigure.web.servlet.MockMvcPrintOnlyOnFailureTestExecutionListener@2e1291a4, org.springframework.boot.test.autoconfigure.web.servlet.WebDriverTestExecutionListener@23bd2f6e]
2021-10-28 12:14:57.352  INFO 1324 --- [main] t.e.spring.services.ContratServiceImpl   : Le contrat est: tn.esprit.spring.entities.Contrat@1b485c8b
2021-10-28 12:14:57.355  INFO 1324 --- [main] t.e.spring.services.ContratServiceImpl   : Le contrat est: tn.esprit.spring.entities.Contrat@ce19c86
2021-10-28 12:14:57.356  INFO 1324 --- [main] t.e.spring.services.ContratServiceImpl   : Le contrat est: tn.esprit.spring.entities.Contrat@68479e8b
2021-10-28 12:14:57.362  INFO 1324 --- [main] t.e.spring.services.ContratServiceImpl   : Le contrat est: tn.esprit.spring.entities.Contrat@4e951fb1
2021-10-28 12:14:57.363  INFO 1324 --- [main] t.e.spring.services.ContratServiceImpl   : Le contrat est: tn.esprit.spring.entities.Contrat@1b317e7d
2021-10-28 12:14:57.364  INFO 1324 --- [main] t.e.spring.services.ContratServiceImpl   : La taille de contrats  ,5
2021-10-28 12:14:58.191  INFO 1324 --- [main] t.e.spring.services.ContratServiceImpl   : le salaire d'ingenieur est:2700.0
2021-10-28 12:14:58.202  INFO 1324 --- [main] .b.t.c.SpringBootTestContextBootstrapper : Neither @ContextConfiguration nor @ContextHierarchy found for test class [tn.esprit.spring.TimesheetSpringBootCoreDataJpaMvcRest1ApplicationTests], using SpringBootContextLoader
2021-10-28 12:14:58.204  INFO 1324 --- [main] o.s.t.c.support.AbstractContextLoader    : Could not detect default resource locations for test class [tn.esprit.spring.TimesheetSpringBootCoreDataJpaMvcRest1ApplicationTests]: no resource found for suffixes {-context.xml, Context.groovy}.
2021-10-28 12:14:58.205  INFO 1324 --- [main] t.c.s.AnnotationConfigContextLoaderUtils : Could not detect default configuration classes for test class [tn.esprit.spring.TimesheetSpringBootCoreDataJpaMvcRest1ApplicationTests]: TimesheetSpringBootCoreDataJpaMvcRest1ApplicationTests does not declare any static, non-private, non-final, nested classes annotated with @Configuration.
2021-10-28 12:14:58.210  INFO 1324 --- [main] .b.t.c.SpringBootTestContextBootstrapper : Found @SpringBootConfiguration tn.esprit.spring.TimesheetSpringBootCoreDataJpaMvcRest1Application for test class tn.esprit.spring.TimesheetSpringBootCoreDataJpaMvcRest1ApplicationTests
2021-10-28 12:14:58.317  INFO 1324 --- [main] .b.t.c.SpringBootTestContextBootstrapper : Loaded default TestExecutionListener class names from location [META-INF/spring.factories]: [org.springframework.boot.test.mock.mockito.MockitoTestExecutionListener, org.springframework.boot.test.mock.mockito.ResetMocksTestExecutionListener, org.springframework.boot.test.autoconfigure.restdocs.RestDocsTestExecutionListener, org.springframework.boot.test.autoconfigure.web.client.MockRestServiceServerResetTestExecutionListener, org.springframework.boot.test.autoconfigure.web.servlet.MockMvcPrintOnlyOnFailureTestExecutionListener, org.springframework.boot.test.autoconfigure.web.servlet.WebDriverTestExecutionListener, org.springframework.test.context.web.ServletTestExecutionListener, org.springframework.test.context.support.DirtiesContextBeforeModesTestExecutionListener, org.springframework.test.context.support.DependencyInjectionTestExecutionListener, org.springframework.test.context.support.DirtiesContextTestExecutionListener, org.springframework.test.context.transaction.TransactionalTestExecutionListener, org.springframework.test.context.jdbc.SqlScriptsTestExecutionListener]
2021-10-28 12:14:58.353  INFO 1324 --- [main] .b.t.c.SpringBootTestContextBootstrapper : Using TestExecutionListeners: [org.springframework.test.context.web.ServletTestExecutionListener@146833a2, org.springframework.test.context.support.DirtiesContextBeforeModesTestExecutionListener@50b38342, org.springframework.boot.test.mock.mockito.MockitoTestExecutionListener@424a152f, org.springframework.boot.test.autoconfigure.SpringBootDependencyInjectionTestExecutionListener@408d945b, org.springframework.test.context.support.DirtiesContextTestExecutionListener@15ad5acb, org.springframework.test.context.transaction.TransactionalTestExecutionListener@59c862af, org.springframework.test.context.jdbc.SqlScriptsTestExecutionListener@4bb9f7d4, org.springframework.boot.test.mock.mockito.ResetMocksTestExecutionListener@673a9db4, org.springframework.boot.test.autoconfigure.restdocs.RestDocsTestExecutionListener@183ef89a, org.springframework.boot.test.autoconfigure.web.client.MockRestServiceServerResetTestExecutionListener@2792c28, org.springframework.boot.test.autoconfigure.web.servlet.MockMvcPrintOnlyOnFailureTestExecutionListener@6fa7ce4, org.springframework.boot.test.autoconfigure.web.servlet.WebDriverTestExecutionListener@351e86b2]
2021-10-28 12:14:58.468  INFO 1324 --- [main] t.e.spring.services.EmployeServiceImpl   : Employee deleted 
2021-10-28 12:14:58.670  INFO 1324 --- [main] t.e.spring.services.EmployeServiceImpl   : Employefoulenaffected to DepartementD1
2021-10-28 12:14:58.710  INFO 1324 --- [main] t.e.spring.services.EmployeServiceImpl   : Employee updated successfullyram@gmail.com
2021-10-28 12:14:58.916  INFO 1324 --- [main] t.e.spring.services.EmployeServiceImpl   : Employees List  >0 ,23
2021-10-28 12:14:58.962  INFO 1324 --- [main] t.e.spring.services.EmployeServiceImpl   : Employee added with success :  empId = 35 new empId = 35
2021-10-28 12:14:59.100  INFO 1324 --- [main] t.e.spring.services.EmployeServiceImpl   : Employe number != 0
2021-10-28 12:14:59.248  INFO 1324 --- [Thread-2] o.s.s.concurrent.ThreadPoolTaskExecutor  : Shutting down ExecutorService 'applicationTaskExecutor'
2021-10-28 12:14:59.255  INFO 1324 --- [Thread-2] j.LocalContainerEntityManagerFactoryBean : Closing JPA EntityManagerFactory for persistence unit 'default'
2021-10-28 12:14:59.264  INFO 1324 --- [Thread-2] com.zaxxer.hikari.HikariDataSource       : HikariPool-1 - Shutdown initiated...
2021-10-28 12:14:59.287  INFO 1324 --- [Thread-2] com.zaxxer.hikari.HikariDataSource       : HikariPool-1 - Shutdown completed.
2021-10-28 12:17:58.339  INFO 4028 --- [main] tn.esprit.spring.TestMission             : Starting TestMission on DESKTOP-GIQO5MJ with PID 4028 (started by saifn in C:\Users\saifn\OneDrive\Desktop\TimeSheetProject\TimesheetProject)
2021-10-28 12:17:58.383  INFO 4028 --- [main] tn.esprit.spring.TestMission             : No active profile set, falling back to default profiles: default
2021-10-28 12:18:01.449  INFO 4028 --- [main] .s.d.r.c.RepositoryConfigurationDelegate : Bootstrapping Spring Data repositories in DEFAULT mode.
2021-10-28 12:18:01.722  INFO 4028 --- [main] .s.d.r.c.RepositoryConfigurationDelegate : Finished Spring Data repository scanning in 252ms. Found 6 repository interfaces.
2021-10-28 12:18:03.424  INFO 4028 --- [main] trationDelegate$BeanPostProcessorChecker : Bean 'org.springframework.transaction.annotation.ProxyTransactionManagementConfiguration' of type [org.springframework.transaction.annotation.ProxyTransactionManagementConfiguration$$EnhancerBySpringCGLIB$$5dcf691e] is not eligible for getting processed by all BeanPostProcessors (for example: not eligible for auto-proxying)
2021-10-28 12:18:04.666  INFO 4028 --- [main] com.zaxxer.hikari.HikariDataSource       : HikariPool-1 - Starting...
2021-10-28 12:18:05.821  INFO 4028 --- [main] com.zaxxer.hikari.HikariDataSource       : HikariPool-1 - Start completed.
2021-10-28 12:18:06.006  INFO 4028 --- [main] o.hibernate.jpa.internal.util.LogHelper  : HHH000204: Processing PersistenceUnitInfo [
	name: default
	...]
2021-10-28 12:18:06.164  INFO 4028 --- [main] org.hibernate.Version                    : HHH000412: Hibernate Core {5.3.9.Final}
2021-10-28 12:18:06.168  INFO 4028 --- [main] org.hibernate.cfg.Environment            : HHH000206: hibernate.properties not found
2021-10-28 12:18:06.619  INFO 4028 --- [main] o.hibernate.annotations.common.Version   : HCANN000001: Hibernate Commons Annotations {5.0.4.Final}
2021-10-28 12:18:07.455  INFO 4028 --- [main] org.hibernate.dialect.Dialect            : HHH000400: Using dialect: org.hibernate.dialect.MySQL5Dialect
2021-10-28 12:18:11.071  INFO 4028 --- [main] j.LocalContainerEntityManagerFactoryBean : Initialized JPA EntityManagerFactory for persistence unit 'default'
2021-10-28 12:18:12.914  INFO 4028 --- [main] o.h.h.i.QueryTranslatorFactoryInitiator  : HHH000397: Using ASTQueryTranslatorFactory
2021-10-28 12:18:18.885  INFO 4028 --- [main] o.s.s.concurrent.ThreadPoolTaskExecutor  : Initializing ExecutorService 'applicationTaskExecutor'
2021-10-28 12:18:19.107  WARN 4028 --- [main] aWebConfiguration$JpaWebMvcConfiguration : spring.jpa.open-in-view is enabled by default. Therefore, database queries may be performed during view rendering. Explicitly configure spring.jpa.open-in-view to disable this warning
2021-10-28 12:18:20.240  INFO 4028 --- [main] tn.esprit.spring.TestMission             : Started TestMission in 23.416 seconds (JVM running for 27.216)
2021-10-28 12:18:21.342  INFO 4028 --- [main] .b.t.c.SpringBootTestContextBootstrapper : Neither @ContextConfiguration nor @ContextHierarchy found for test class [tn.esprit.spring.TimesheetSpringBootCoreDataJpaMvcRest1ApplicationTest], using SpringBootContextLoader
2021-10-28 12:18:21.356  INFO 4028 --- [main] o.s.t.c.support.AbstractContextLoader    : Could not detect default resource locations for test class [tn.esprit.spring.TimesheetSpringBootCoreDataJpaMvcRest1ApplicationTest]: no resource found for suffixes {-context.xml, Context.groovy}.
2021-10-28 12:18:21.360  INFO 4028 --- [main] t.c.s.AnnotationConfigContextLoaderUtils : Could not detect default configuration classes for test class [tn.esprit.spring.TimesheetSpringBootCoreDataJpaMvcRest1ApplicationTest]: TimesheetSpringBootCoreDataJpaMvcRest1ApplicationTest does not declare any static, non-private, non-final, nested classes annotated with @Configuration.
2021-10-28 12:18:21.369  INFO 4028 --- [main] .b.t.c.SpringBootTestContextBootstrapper : Found @SpringBootConfiguration tn.esprit.spring.TimesheetSpringBootCoreDataJpaMvcRest1Application for test class tn.esprit.spring.TimesheetSpringBootCoreDataJpaMvcRest1ApplicationTest
2021-10-28 12:18:21.373  INFO 4028 --- [main] .b.t.c.SpringBootTestContextBootstrapper : Loaded default TestExecutionListener class names from location [META-INF/spring.factories]: [org.springframework.boot.test.mock.mockito.MockitoTestExecutionListener, org.springframework.boot.test.mock.mockito.ResetMocksTestExecutionListener, org.springframework.boot.test.autoconfigure.restdocs.RestDocsTestExecutionListener, org.springframework.boot.test.autoconfigure.web.client.MockRestServiceServerResetTestExecutionListener, org.springframework.boot.test.autoconfigure.web.servlet.MockMvcPrintOnlyOnFailureTestExecutionListener, org.springframework.boot.test.autoconfigure.web.servlet.WebDriverTestExecutionListener, org.springframework.test.context.web.ServletTestExecutionListener, org.springframework.test.context.support.DirtiesContextBeforeModesTestExecutionListener, org.springframework.test.context.support.DependencyInjectionTestExecutionListener, org.springframework.test.context.support.DirtiesContextTestExecutionListener, org.springframework.test.context.transaction.TransactionalTestExecutionListener, org.springframework.test.context.jdbc.SqlScriptsTestExecutionListener]
2021-10-28 12:18:21.375  INFO 4028 --- [main] .b.t.c.SpringBootTestContextBootstrapper : Using TestExecutionListeners: [org.springframework.test.context.web.ServletTestExecutionListener@335b3d6, org.springframework.test.context.support.DirtiesContextBeforeModesTestExecutionListener@3a5ce4b8, org.springframework.boot.test.mock.mockito.MockitoTestExecutionListener@38848217, org.springframework.boot.test.autoconfigure.SpringBootDependencyInjectionTestExecutionListener@1607d391, org.springframework.test.context.support.DirtiesContextTestExecutionListener@38826984, org.springframework.test.context.transaction.TransactionalTestExecutionListener@65262308, org.springframework.test.context.jdbc.SqlScriptsTestExecutionListener@792e8181, org.springframework.boot.test.mock.mockito.ResetMocksTestExecutionListener@511d5e6e, org.springframework.boot.test.autoconfigure.restdocs.RestDocsTestExecutionListener@7a78d380, org.springframework.boot.test.autoconfigure.web.client.MockRestServiceServerResetTestExecutionListener@2e1291a4, org.springframework.boot.test.autoconfigure.web.servlet.MockMvcPrintOnlyOnFailureTestExecutionListener@23bd2f6e, org.springframework.boot.test.autoconfigure.web.servlet.WebDriverTestExecutionListener@18e8eb59]
2021-10-28 12:18:21.540  INFO 4028 --- [main] t.e.spring.services.ContratServiceImpl   : le contart est:tn.esprit.spring.entities.Contrat@189633f2
2021-10-28 12:18:21.671  INFO 4028 --- [main] t.e.spring.services.ContratServiceImpl   : Le contrat est: tn.esprit.spring.entities.Contrat@4fd3b20a
2021-10-28 12:18:21.672  INFO 4028 --- [main] t.e.spring.services.ContratServiceImpl   : Le contrat est: tn.esprit.spring.entities.Contrat@295d54d6
2021-10-28 12:18:21.672  INFO 4028 --- [main] t.e.spring.services.ContratServiceImpl   : Le contrat est: tn.esprit.spring.entities.Contrat@398f0516
2021-10-28 12:18:21.672  INFO 4028 --- [main] t.e.spring.services.ContratServiceImpl   : Le contrat est: tn.esprit.spring.entities.Contrat@4a7db5a
2021-10-28 12:18:21.673  INFO 4028 --- [main] t.e.spring.services.ContratServiceImpl   : Le contrat est: tn.esprit.spring.entities.Contrat@56b66a26
2021-10-28 12:18:21.674  INFO 4028 --- [main] t.e.spring.services.ContratServiceImpl   : Le contrat est: tn.esprit.spring.entities.Contrat@158e6fc2
2021-10-28 12:18:21.674  INFO 4028 --- [main] t.e.spring.services.ContratServiceImpl   : La taille de contrats  ,6
2021-10-28 12:18:22.551  INFO 4028 --- [main] t.e.spring.services.ContratServiceImpl   : le salaire d'ingenieur est:2700.0
2021-10-28 12:18:22.560  INFO 4028 --- [main] .b.t.c.SpringBootTestContextBootstrapper : Neither @ContextConfiguration nor @ContextHierarchy found for test class [tn.esprit.spring.TimesheetSpringBootCoreDataJpaMvcRest1ApplicationTests], using SpringBootContextLoader
2021-10-28 12:18:22.562  INFO 4028 --- [main] o.s.t.c.support.AbstractContextLoader    : Could not detect default resource locations for test class [tn.esprit.spring.TimesheetSpringBootCoreDataJpaMvcRest1ApplicationTests]: no resource found for suffixes {-context.xml, Context.groovy}.
2021-10-28 12:18:22.562  INFO 4028 --- [main] t.c.s.AnnotationConfigContextLoaderUtils : Could not detect default configuration classes for test class [tn.esprit.spring.TimesheetSpringBootCoreDataJpaMvcRest1ApplicationTests]: TimesheetSpringBootCoreDataJpaMvcRest1ApplicationTests does not declare any static, non-private, non-final, nested classes annotated with @Configuration.
2021-10-28 12:18:22.566  INFO 4028 --- [main] .b.t.c.SpringBootTestContextBootstrapper : Found @SpringBootConfiguration tn.esprit.spring.TimesheetSpringBootCoreDataJpaMvcRest1Application for test class tn.esprit.spring.TimesheetSpringBootCoreDataJpaMvcRest1ApplicationTests
2021-10-28 12:18:22.588  INFO 4028 --- [main] .b.t.c.SpringBootTestContextBootstrapper : Loaded default TestExecutionListener class names from location [META-INF/spring.factories]: [org.springframework.boot.test.mock.mockito.MockitoTestExecutionListener, org.springframework.boot.test.mock.mockito.ResetMocksTestExecutionListener, org.springframework.boot.test.autoconfigure.restdocs.RestDocsTestExecutionListener, org.springframework.boot.test.autoconfigure.web.client.MockRestServiceServerResetTestExecutionListener, org.springframework.boot.test.autoconfigure.web.servlet.MockMvcPrintOnlyOnFailureTestExecutionListener, org.springframework.boot.test.autoconfigure.web.servlet.WebDriverTestExecutionListener, org.springframework.test.context.web.ServletTestExecutionListener, org.springframework.test.context.support.DirtiesContextBeforeModesTestExecutionListener, org.springframework.test.context.support.DependencyInjectionTestExecutionListener, org.springframework.test.context.support.DirtiesContextTestExecutionListener, org.springframework.test.context.transaction.TransactionalTestExecutionListener, org.springframework.test.context.jdbc.SqlScriptsTestExecutionListener]
2021-10-28 12:18:22.592  INFO 4028 --- [main] .b.t.c.SpringBootTestContextBootstrapper : Using TestExecutionListeners: [org.springframework.test.context.web.ServletTestExecutionListener@15ad5acb, org.springframework.test.context.support.DirtiesContextBeforeModesTestExecutionListener@59c862af, org.springframework.boot.test.mock.mockito.MockitoTestExecutionListener@4bb9f7d4, org.springframework.boot.test.autoconfigure.SpringBootDependencyInjectionTestExecutionListener@673a9db4, org.springframework.test.context.support.DirtiesContextTestExecutionListener@183ef89a, org.springframework.test.context.transaction.TransactionalTestExecutionListener@2792c28, org.springframework.test.context.jdbc.SqlScriptsTestExecutionListener@6fa7ce4, org.springframework.boot.test.mock.mockito.ResetMocksTestExecutionListener@351e86b2, org.springframework.boot.test.autoconfigure.restdocs.RestDocsTestExecutionListener@5a8b42a3, org.springframework.boot.test.autoconfigure.web.client.MockRestServiceServerResetTestExecutionListener@11582db6, org.springframework.boot.test.autoconfigure.web.servlet.MockMvcPrintOnlyOnFailureTestExecutionListener@44106e25, org.springframework.boot.test.autoconfigure.web.servlet.WebDriverTestExecutionListener@57a5b03]
2021-10-28 12:18:22.679  INFO 4028 --- [main] t.e.spring.services.EmployeServiceImpl   : Employee deleted 
2021-10-28 12:18:22.952  INFO 4028 --- [main] t.e.spring.services.EmployeServiceImpl   : Employefoulenaffected to DepartementD1
2021-10-28 12:18:23.093  INFO 4028 --- [main] t.e.spring.services.EmployeServiceImpl   : Employee updated successfullyram@gmail.com
2021-10-28 12:18:23.390  INFO 4028 --- [main] t.e.spring.services.EmployeServiceImpl   : Employees List  >0 ,27
2021-10-28 12:18:23.442  INFO 4028 --- [main] t.e.spring.services.EmployeServiceImpl   : Employee added with success :  empId = 41 new empId = 41
2021-10-28 12:18:23.586  INFO 4028 --- [main] t.e.spring.services.EmployeServiceImpl   : Employe number != 0
2021-10-28 12:18:23.651  INFO 4028 --- [Thread-2] o.s.s.concurrent.ThreadPoolTaskExecutor  : Shutting down ExecutorService 'applicationTaskExecutor'
2021-10-28 12:18:23.658  INFO 4028 --- [Thread-2] j.LocalContainerEntityManagerFactoryBean : Closing JPA EntityManagerFactory for persistence unit 'default'
2021-10-28 12:18:23.664  INFO 4028 --- [Thread-2] com.zaxxer.hikari.HikariDataSource       : HikariPool-1 - Shutdown initiated...
2021-10-28 12:18:23.678  INFO 4028 --- [Thread-2] com.zaxxer.hikari.HikariDataSource       : HikariPool-1 - Shutdown completed.
